{"/Users/bhaveshpatil/Developer/Project-SOC/Project-SOC/frontend/src/api/alerts.js": {"path":"/Users/bhaveshpatil/Developer/Project-SOC/Project-SOC/frontend/src/api/alerts.js","statementMap":{"0":{"start":{"line":3,"column":13},"end":{"line":3,"column":null}},"1":{"start":{"line":3,"column":37},"end":{"line":3,"column":null}},"2":{"start":{"line":4,"column":13},"end":{"line":4,"column":null}},"3":{"start":{"line":4,"column":32},"end":{"line":4,"column":null}},"4":{"start":{"line":5,"column":13},"end":{"line":5,"column":null}},"5":{"start":{"line":5,"column":35},"end":{"line":5,"column":null}},"6":{"start":{"line":6,"column":13},"end":{"line":6,"column":null}},"7":{"start":{"line":6,"column":40},"end":{"line":6,"column":null}},"8":{"start":{"line":7,"column":13},"end":{"line":8,"column":null}},"9":{"start":{"line":8,"column":2},"end":{"line":8,"column":null}},"10":{"start":{"line":9,"column":13},"end":{"line":9,"column":null}},"11":{"start":{"line":9,"column":36},"end":{"line":9,"column":null}},"12":{"start":{"line":12,"column":27},"end":{"line":12,"column":null}},"13":{"start":{"line":13,"column":26},"end":{"line":13,"column":null}},"14":{"start":{"line":14,"column":31},"end":{"line":14,"column":null}},"15":{"start":{"line":15,"column":34},"end":{"line":15,"column":null}},"16":{"start":{"line":18,"column":23},"end":{"line":21,"column":null}},"17":{"start":{"line":19,"column":19},"end":{"line":19,"column":null}},"18":{"start":{"line":20,"column":2},"end":{"line":20,"column":null}},"19":{"start":{"line":23,"column":25},"end":{"line":26,"column":null}},"20":{"start":{"line":24,"column":19},"end":{"line":24,"column":null}},"21":{"start":{"line":25,"column":2},"end":{"line":25,"column":null}},"22":{"start":{"line":28,"column":26},"end":{"line":31,"column":null}},"23":{"start":{"line":29,"column":19},"end":{"line":29,"column":null}},"24":{"start":{"line":30,"column":2},"end":{"line":30,"column":null}}},"fnMap":{"0":{"name":"(anonymous_0)","decl":{"start":{"line":3,"column":13},"end":{"line":3,"column":26}},"loc":{"start":{"line":3,"column":37},"end":{"line":3,"column":null}},"line":3},"1":{"name":"(anonymous_1)","decl":{"start":{"line":4,"column":13},"end":{"line":4,"column":25}},"loc":{"start":{"line":4,"column":32},"end":{"line":4,"column":null}},"line":4},"2":{"name":"(anonymous_2)","decl":{"start":{"line":5,"column":13},"end":{"line":5,"column":35}},"loc":{"start":{"line":5,"column":35},"end":{"line":5,"column":null}},"line":5},"3":{"name":"(anonymous_3)","decl":{"start":{"line":6,"column":13},"end":{"line":6,"column":33}},"loc":{"start":{"line":6,"column":40},"end":{"line":6,"column":null}},"line":6},"4":{"name":"(anonymous_4)","decl":{"start":{"line":7,"column":13},"end":{"line":7,"column":34}},"loc":{"start":{"line":8,"column":2},"end":{"line":8,"column":null}},"line":8},"5":{"name":"(anonymous_5)","decl":{"start":{"line":9,"column":13},"end":{"line":9,"column":36}},"loc":{"start":{"line":9,"column":36},"end":{"line":9,"column":null}},"line":9},"6":{"name":"(anonymous_6)","decl":{"start":{"line":18,"column":23},"end":{"line":18,"column":30}},"loc":{"start":{"line":18,"column":49},"end":{"line":21,"column":null}},"line":18},"7":{"name":"(anonymous_7)","decl":{"start":{"line":23,"column":25},"end":{"line":23,"column":32}},"loc":{"start":{"line":23,"column":50},"end":{"line":26,"column":null}},"line":23},"8":{"name":"(anonymous_8)","decl":{"start":{"line":28,"column":26},"end":{"line":28,"column":38}},"loc":{"start":{"line":28,"column":38},"end":{"line":31,"column":null}},"line":28}},"branchMap":{},"s":{"0":4,"1":7,"2":4,"3":0,"4":4,"5":4,"6":4,"7":0,"8":4,"9":0,"10":4,"11":0,"12":4,"13":4,"14":4,"15":4,"16":4,"17":0,"18":0,"19":4,"20":0,"21":0,"22":4,"23":0,"24":0},"f":{"0":7,"1":0,"2":4,"3":0,"4":0,"5":0,"6":0,"7":0,"8":0},"b":{},"meta":{"lastBranch":0,"lastFunction":9,"lastStatement":25,"seen":{"s:3:13:3:Infinity":0,"f:3:13:3:26":0,"s:3:37:3:Infinity":1,"s:4:13:4:Infinity":2,"f:4:13:4:25":1,"s:4:32:4:Infinity":3,"s:5:13:5:Infinity":4,"f:5:13:5:35":2,"s:5:35:5:Infinity":5,"s:6:13:6:Infinity":6,"f:6:13:6:33":3,"s:6:40:6:Infinity":7,"s:7:13:8:Infinity":8,"f:7:13:7:34":4,"s:8:2:8:Infinity":9,"s:9:13:9:Infinity":10,"f:9:13:9:36":5,"s:9:36:9:Infinity":11,"s:12:27:12:Infinity":12,"s:13:26:13:Infinity":13,"s:14:31:14:Infinity":14,"s:15:34:15:Infinity":15,"s:18:23:21:Infinity":16,"f:18:23:18:30":6,"s:19:19:19:Infinity":17,"s:20:2:20:Infinity":18,"s:23:25:26:Infinity":19,"f:23:25:23:32":7,"s:24:19:24:Infinity":20,"s:25:2:25:Infinity":21,"s:28:26:31:Infinity":22,"f:28:26:28:38":8,"s:29:19:29:Infinity":23,"s:30:2:30:Infinity":24},"fnNames":{}}}
,"/Users/bhaveshpatil/Developer/Project-SOC/Project-SOC/frontend/src/api/client.js": {"path":"/Users/bhaveshpatil/Developer/Project-SOC/Project-SOC/frontend/src/api/client.js","statementMap":{"0":{"start":{"line":5,"column":4},"end":{"line":5,"column":null}},"1":{"start":{"line":6,"column":4},"end":{"line":6,"column":null}},"2":{"start":{"line":7,"column":4},"end":{"line":7,"column":null}},"3":{"start":{"line":8,"column":4},"end":{"line":8,"column":null}},"4":{"start":{"line":9,"column":4},"end":{"line":9,"column":null}},"5":{"start":{"line":10,"column":4},"end":{"line":10,"column":null}},"6":{"start":{"line":11,"column":4},"end":{"line":11,"column":null}},"7":{"start":{"line":15,"column":13},"end":{"line":15,"column":null}},"8":{"start":{"line":15,"column":35},"end":{"line":15,"column":null}},"9":{"start":{"line":17,"column":25},"end":{"line":20,"column":null}},"10":{"start":{"line":22,"column":18},"end":{"line":22,"column":null}},"11":{"start":{"line":24,"column":13},"end":{"line":26,"column":null}},"12":{"start":{"line":25,"column":2},"end":{"line":25,"column":null}},"13":{"start":{"line":29,"column":6},"end":{"line":41,"column":null}},"14":{"start":{"line":30,"column":2},"end":{"line":40,"column":null}},"15":{"start":{"line":44,"column":0},"end":{"line":52,"column":null}},"16":{"start":{"line":45,"column":2},"end":{"line":47,"column":null}},"17":{"start":{"line":46,"column":4},"end":{"line":46,"column":null}},"18":{"start":{"line":48,"column":2},"end":{"line":50,"column":null}},"19":{"start":{"line":49,"column":4},"end":{"line":49,"column":null}},"20":{"start":{"line":51,"column":2},"end":{"line":51,"column":null}},"21":{"start":{"line":55,"column":0},"end":{"line":121,"column":null}},"22":{"start":{"line":56,"column":16},"end":{"line":56,"column":null}},"23":{"start":{"line":58,"column":28},"end":{"line":58,"column":null}},"24":{"start":{"line":61,"column":4},"end":{"line":69,"column":null}},"25":{"start":{"line":66,"column":6},"end":{"line":66,"column":null}},"26":{"start":{"line":67,"column":6},"end":{"line":67,"column":null}},"27":{"start":{"line":67,"column":37},"end":{"line":67,"column":62}},"28":{"start":{"line":68,"column":6},"end":{"line":68,"column":null}},"29":{"start":{"line":72,"column":4},"end":{"line":80,"column":null}},"30":{"start":{"line":73,"column":25},"end":{"line":73,"column":null}},"31":{"start":{"line":74,"column":6},"end":{"line":74,"column":null}},"32":{"start":{"line":75,"column":6},"end":{"line":79,"column":null}},"33":{"start":{"line":82,"column":18},"end":{"line":82,"column":null}},"34":{"start":{"line":83,"column":17},"end":{"line":83,"column":null}},"35":{"start":{"line":84,"column":17},"end":{"line":84,"column":null}},"36":{"start":{"line":85,"column":15},"end":{"line":85,"column":null}},"37":{"start":{"line":86,"column":17},"end":{"line":86,"column":null}},"38":{"start":{"line":87,"column":24},"end":{"line":87,"column":null}},"39":{"start":{"line":89,"column":4},"end":{"line":117,"column":null}},"40":{"start":{"line":90,"column":6},"end":{"line":90,"column":null}},"41":{"start":{"line":91,"column":6},"end":{"line":91,"column":null}},"42":{"start":{"line":94,"column":6},"end":{"line":111,"column":null}},"43":{"start":{"line":95,"column":8},"end":{"line":95,"column":null}},"44":{"start":{"line":96,"column":8},"end":{"line":96,"column":null}},"45":{"start":{"line":97,"column":8},"end":{"line":97,"column":null}},"46":{"start":{"line":98,"column":8},"end":{"line":98,"column":null}},"47":{"start":{"line":101,"column":8},"end":{"line":110,"column":null}},"48":{"start":{"line":102,"column":10},"end":{"line":102,"column":null}},"49":{"start":{"line":103,"column":15},"end":{"line":110,"column":null}},"50":{"start":{"line":104,"column":10},"end":{"line":104,"column":null}},"51":{"start":{"line":105,"column":15},"end":{"line":110,"column":null}},"52":{"start":{"line":107,"column":10},"end":{"line":107,"column":null}},"53":{"start":{"line":107,"column":45},"end":{"line":107,"column":75}},"54":{"start":{"line":109,"column":10},"end":{"line":109,"column":null}},"55":{"start":{"line":112,"column":11},"end":{"line":117,"column":null}},"56":{"start":{"line":113,"column":6},"end":{"line":113,"column":null}},"57":{"start":{"line":114,"column":6},"end":{"line":114,"column":null}},"58":{"start":{"line":116,"column":6},"end":{"line":116,"column":null}},"59":{"start":{"line":119,"column":4},"end":{"line":119,"column":null}}},"fnMap":{"0":{"name":"constructor","decl":{"start":{"line":4,"column":2},"end":{"line":4,"column":14}},"loc":{"start":{"line":4,"column":89},"end":{"line":12,"column":null}},"line":4},"1":{"name":"(anonymous_1)","decl":{"start":{"line":15,"column":13},"end":{"line":15,"column":27}},"loc":{"start":{"line":15,"column":35},"end":{"line":15,"column":null}},"line":15},"2":{"name":"(anonymous_2)","decl":{"start":{"line":24,"column":13},"end":{"line":24,"column":29}},"loc":{"start":{"line":24,"column":39},"end":{"line":26,"column":null}},"line":24},"3":{"name":"(anonymous_3)","decl":{"start":{"line":29,"column":6},"end":{"line":29,"column":28}},"loc":{"start":{"line":29,"column":50},"end":{"line":41,"column":null}},"line":29},"4":{"name":"(anonymous_4)","decl":{"start":{"line":44,"column":31},"end":{"line":44,"column":36}},"loc":{"start":{"line":44,"column":47},"end":{"line":52,"column":1}},"line":44},"5":{"name":"(anonymous_5)","decl":{"start":{"line":55,"column":32},"end":{"line":55,"column":null}},"loc":{"start":{"line":56,"column":16},"end":{"line":56,"column":null}},"line":56},"6":{"name":"(anonymous_6)","decl":{"start":{"line":57,"column":2},"end":{"line":57,"column":9}},"loc":{"start":{"line":57,"column":19},"end":{"line":120,"column":null}},"line":57},"7":{"name":"(anonymous_7)","decl":{"start":{"line":67,"column":16},"end":{"line":67,"column":25}},"loc":{"start":{"line":67,"column":37},"end":{"line":67,"column":62}},"line":67},"8":{"name":"(anonymous_8)","decl":{"start":{"line":107,"column":34},"end":{"line":107,"column":39}},"loc":{"start":{"line":107,"column":45},"end":{"line":107,"column":75}},"line":107}},"branchMap":{"0":{"loc":{"start":{"line":4,"column":39},"end":{"line":4,"column":52}},"type":"default-arg","locations":[{"start":{"line":4,"column":46},"end":{"line":4,"column":52}}],"line":4},"1":{"loc":{"start":{"line":4,"column":52},"end":{"line":4,"column":67}},"type":"default-arg","locations":[{"start":{"line":4,"column":61},"end":{"line":4,"column":67}}],"line":4},"2":{"loc":{"start":{"line":4,"column":67},"end":{"line":4,"column":89}},"type":"default-arg","locations":[{"start":{"line":4,"column":83},"end":{"line":4,"column":89}}],"line":4},"3":{"loc":{"start":{"line":18,"column":11},"end":{"line":18,"column":null}},"type":"binary-expr","locations":[{"start":{"line":18,"column":11},"end":{"line":18,"column":43}},{"start":{"line":18,"column":43},"end":{"line":18,"column":null}}],"line":18},"4":{"loc":{"start":{"line":35,"column":52},"end":{"line":35,"column":76}},"type":"binary-expr","locations":[{"start":{"line":35,"column":52},"end":{"line":35,"column":73}},{"start":{"line":35,"column":73},"end":{"line":35,"column":76}}],"line":35},"5":{"loc":{"start":{"line":45,"column":2},"end":{"line":47,"column":null}},"type":"if","locations":[{"start":{"line":45,"column":2},"end":{"line":47,"column":null}},{"start":{},"end":{}}],"line":45},"6":{"loc":{"start":{"line":48,"column":2},"end":{"line":50,"column":null}},"type":"if","locations":[{"start":{"line":48,"column":2},"end":{"line":50,"column":null}},{"start":{},"end":{}}],"line":48},"7":{"loc":{"start":{"line":61,"column":4},"end":{"line":69,"column":null}},"type":"if","locations":[{"start":{"line":61,"column":4},"end":{"line":69,"column":null}},{"start":{},"end":{}}],"line":61},"8":{"loc":{"start":{"line":61,"column":4},"end":{"line":64,"column":null}},"type":"binary-expr","locations":[{"start":{"line":62,"column":7},"end":{"line":62,"column":26}},{"start":{"line":62,"column":26},"end":{"line":62,"column":null}},{"start":{"line":63,"column":6},"end":{"line":63,"column":null}},{"start":{"line":64,"column":6},"end":{"line":64,"column":null}}],"line":61},"9":{"loc":{"start":{"line":72,"column":4},"end":{"line":80,"column":null}},"type":"if","locations":[{"start":{"line":72,"column":4},"end":{"line":80,"column":null}},{"start":{},"end":{}}],"line":72},"10":{"loc":{"start":{"line":72,"column":8},"end":{"line":72,"column":57}},"type":"binary-expr","locations":[{"start":{"line":72,"column":8},"end":{"line":72,"column":26}},{"start":{"line":72,"column":26},"end":{"line":72,"column":57}}],"line":72},"11":{"loc":{"start":{"line":73,"column":25},"end":{"line":73,"column":null}},"type":"binary-expr","locations":[{"start":{"line":73,"column":25},"end":{"line":73,"column":66}},{"start":{"line":73,"column":66},"end":{"line":73,"column":null}}],"line":73},"12":{"loc":{"start":{"line":89,"column":4},"end":{"line":117,"column":null}},"type":"if","locations":[{"start":{"line":89,"column":4},"end":{"line":117,"column":null}},{"start":{"line":112,"column":11},"end":{"line":117,"column":null}}],"line":89},"13":{"loc":{"start":{"line":94,"column":6},"end":{"line":111,"column":null}},"type":"if","locations":[{"start":{"line":94,"column":6},"end":{"line":111,"column":null}},{"start":{"line":99,"column":13},"end":{"line":111,"column":null}}],"line":94},"14":{"loc":{"start":{"line":94,"column":10},"end":{"line":94,"column":64}},"type":"binary-expr","locations":[{"start":{"line":94,"column":10},"end":{"line":94,"column":20}},{"start":{"line":94,"column":20},"end":{"line":94,"column":50}},{"start":{"line":94,"column":50},"end":{"line":94,"column":64}}],"line":94},"15":{"loc":{"start":{"line":96,"column":18},"end":{"line":96,"column":null}},"type":"binary-expr","locations":[{"start":{"line":96,"column":18},"end":{"line":96,"column":36}},{"start":{"line":96,"column":36},"end":{"line":96,"column":null}}],"line":96},"16":{"loc":{"start":{"line":97,"column":17},"end":{"line":97,"column":null}},"type":"binary-expr","locations":[{"start":{"line":97,"column":17},"end":{"line":97,"column":34}},{"start":{"line":97,"column":34},"end":{"line":97,"column":null}}],"line":97},"17":{"loc":{"start":{"line":98,"column":24},"end":{"line":98,"column":null}},"type":"binary-expr","locations":[{"start":{"line":98,"column":24},"end":{"line":98,"column":49}},{"start":{"line":98,"column":49},"end":{"line":98,"column":null}}],"line":98},"18":{"loc":{"start":{"line":101,"column":8},"end":{"line":110,"column":null}},"type":"if","locations":[{"start":{"line":101,"column":8},"end":{"line":110,"column":null}},{"start":{"line":103,"column":15},"end":{"line":110,"column":null}}],"line":101},"19":{"loc":{"start":{"line":103,"column":15},"end":{"line":110,"column":null}},"type":"if","locations":[{"start":{"line":103,"column":15},"end":{"line":110,"column":null}},{"start":{"line":105,"column":15},"end":{"line":110,"column":null}}],"line":103},"20":{"loc":{"start":{"line":105,"column":15},"end":{"line":110,"column":null}},"type":"if","locations":[{"start":{"line":105,"column":15},"end":{"line":110,"column":null}},{"start":{"line":108,"column":15},"end":{"line":110,"column":null}}],"line":105},"21":{"loc":{"start":{"line":112,"column":11},"end":{"line":117,"column":null}},"type":"if","locations":[{"start":{"line":112,"column":11},"end":{"line":117,"column":null}},{"start":{"line":115,"column":11},"end":{"line":117,"column":null}}],"line":112}},"s":{"0":0,"1":0,"2":0,"3":0,"4":0,"5":0,"6":0,"7":13,"8":0,"9":13,"10":13,"11":13,"12":0,"13":13,"14":0,"15":13,"16":13,"17":13,"18":13,"19":0,"20":13,"21":13,"22":13,"23":0,"24":0,"25":0,"26":0,"27":0,"28":0,"29":0,"30":0,"31":0,"32":0,"33":0,"34":0,"35":0,"36":0,"37":0,"38":0,"39":0,"40":0,"41":0,"42":0,"43":0,"44":0,"45":0,"46":0,"47":0,"48":0,"49":0,"50":0,"51":0,"52":0,"53":0,"54":0,"55":0,"56":0,"57":0,"58":0,"59":0},"f":{"0":0,"1":0,"2":0,"3":0,"4":13,"5":13,"6":0,"7":0,"8":0},"b":{"0":[0],"1":[0],"2":[0],"3":[13,13],"4":[0,0],"5":[13,0],"6":[0,13],"7":[0,0],"8":[0,0,0,0],"9":[0,0],"10":[0,0],"11":[0,0],"12":[0,0],"13":[0,0],"14":[0,0,0],"15":[0,0],"16":[0,0],"17":[0,0],"18":[0,0],"19":[0,0],"20":[0,0],"21":[0,0]},"meta":{"lastBranch":22,"lastFunction":9,"lastStatement":60,"seen":{"f:4:2:4:14":0,"b:4:46:4:52":0,"b:4:61:4:67":1,"b:4:83:4:89":2,"s:5:4:5:Infinity":0,"s:6:4:6:Infinity":1,"s:7:4:7:Infinity":2,"s:8:4:8:Infinity":3,"s:9:4:9:Infinity":4,"s:10:4:10:Infinity":5,"s:11:4:11:Infinity":6,"s:15:13:15:Infinity":7,"f:15:13:15:27":1,"s:15:35:15:Infinity":8,"s:17:25:20:Infinity":9,"b:18:11:18:43:18:43:18:Infinity":3,"s:22:18:22:Infinity":10,"s:24:13:26:Infinity":11,"f:24:13:24:29":2,"s:25:2:25:Infinity":12,"s:29:6:41:Infinity":13,"f:29:6:29:28":3,"s:30:2:40:Infinity":14,"b:35:52:35:73:35:73:35:76":4,"s:44:0:52:Infinity":15,"f:44:31:44:36":4,"b:45:2:47:Infinity:undefined:undefined:undefined:undefined":5,"s:45:2:47:Infinity":16,"s:46:4:46:Infinity":17,"b:48:2:50:Infinity:undefined:undefined:undefined:undefined":6,"s:48:2:50:Infinity":18,"s:49:4:49:Infinity":19,"s:51:2:51:Infinity":20,"s:55:0:121:Infinity":21,"f:55:32:55:Infinity":5,"s:56:16:56:Infinity":22,"f:57:2:57:9":6,"s:58:28:58:Infinity":23,"b:61:4:69:Infinity:undefined:undefined:undefined:undefined":7,"s:61:4:69:Infinity":24,"b:62:7:62:26:62:26:62:Infinity:63:6:63:Infinity:64:6:64:Infinity":8,"s:66:6:66:Infinity":25,"s:67:6:67:Infinity":26,"f:67:16:67:25":7,"s:67:37:67:62":27,"s:68:6:68:Infinity":28,"b:72:4:80:Infinity:undefined:undefined:undefined:undefined":9,"s:72:4:80:Infinity":29,"b:72:8:72:26:72:26:72:57":10,"s:73:25:73:Infinity":30,"b:73:25:73:66:73:66:73:Infinity":11,"s:74:6:74:Infinity":31,"s:75:6:79:Infinity":32,"s:82:18:82:Infinity":33,"s:83:17:83:Infinity":34,"s:84:17:84:Infinity":35,"s:85:15:85:Infinity":36,"s:86:17:86:Infinity":37,"s:87:24:87:Infinity":38,"b:89:4:117:Infinity:112:11:117:Infinity":12,"s:89:4:117:Infinity":39,"s:90:6:90:Infinity":40,"s:91:6:91:Infinity":41,"b:94:6:111:Infinity:99:13:111:Infinity":13,"s:94:6:111:Infinity":42,"b:94:10:94:20:94:20:94:50:94:50:94:64":14,"s:95:8:95:Infinity":43,"s:96:8:96:Infinity":44,"b:96:18:96:36:96:36:96:Infinity":15,"s:97:8:97:Infinity":45,"b:97:17:97:34:97:34:97:Infinity":16,"s:98:8:98:Infinity":46,"b:98:24:98:49:98:49:98:Infinity":17,"b:101:8:110:Infinity:103:15:110:Infinity":18,"s:101:8:110:Infinity":47,"s:102:10:102:Infinity":48,"b:103:15:110:Infinity:105:15:110:Infinity":19,"s:103:15:110:Infinity":49,"s:104:10:104:Infinity":50,"b:105:15:110:Infinity:108:15:110:Infinity":20,"s:105:15:110:Infinity":51,"s:107:10:107:Infinity":52,"f:107:34:107:39":8,"s:107:45:107:75":53,"s:109:10:109:Infinity":54,"b:112:11:117:Infinity:115:11:117:Infinity":21,"s:112:11:117:Infinity":55,"s:113:6:113:Infinity":56,"s:114:6:114:Infinity":57,"s:116:6:116:Infinity":58,"s:119:4:119:Infinity":59},"fnNames":{}}}
,"/Users/bhaveshpatil/Developer/Project-SOC/Project-SOC/frontend/src/api/feedback.js": {"path":"/Users/bhaveshpatil/Developer/Project-SOC/Project-SOC/frontend/src/api/feedback.js","statementMap":{"0":{"start":{"line":3,"column":13},"end":{"line":3,"column":null}},"1":{"start":{"line":3,"column":40},"end":{"line":3,"column":null}},"2":{"start":{"line":4,"column":13},"end":{"line":4,"column":null}},"3":{"start":{"line":4,"column":39},"end":{"line":4,"column":null}},"4":{"start":{"line":5,"column":13},"end":{"line":5,"column":null}},"5":{"start":{"line":5,"column":38},"end":{"line":5,"column":null}},"6":{"start":{"line":6,"column":13},"end":{"line":6,"column":null}},"7":{"start":{"line":6,"column":41},"end":{"line":6,"column":null}},"8":{"start":{"line":9,"column":34},"end":{"line":9,"column":null}},"9":{"start":{"line":11,"column":13},"end":{"line":12,"column":null}},"10":{"start":{"line":12,"column":2},"end":{"line":12,"column":null}},"11":{"start":{"line":13,"column":13},"end":{"line":13,"column":null}},"12":{"start":{"line":13,"column":38},"end":{"line":13,"column":null}}},"fnMap":{"0":{"name":"(anonymous_0)","decl":{"start":{"line":3,"column":13},"end":{"line":3,"column":31}},"loc":{"start":{"line":3,"column":40},"end":{"line":3,"column":null}},"line":3},"1":{"name":"(anonymous_1)","decl":{"start":{"line":4,"column":13},"end":{"line":4,"column":28}},"loc":{"start":{"line":4,"column":39},"end":{"line":4,"column":null}},"line":4},"2":{"name":"(anonymous_2)","decl":{"start":{"line":5,"column":13},"end":{"line":5,"column":38}},"loc":{"start":{"line":5,"column":38},"end":{"line":5,"column":null}},"line":5},"3":{"name":"(anonymous_3)","decl":{"start":{"line":6,"column":13},"end":{"line":6,"column":41}},"loc":{"start":{"line":6,"column":41},"end":{"line":6,"column":null}},"line":6},"4":{"name":"(anonymous_4)","decl":{"start":{"line":11,"column":13},"end":{"line":11,"column":33}},"loc":{"start":{"line":12,"column":2},"end":{"line":12,"column":null}},"line":12},"5":{"name":"(anonymous_5)","decl":{"start":{"line":13,"column":13},"end":{"line":13,"column":38}},"loc":{"start":{"line":13,"column":38},"end":{"line":13,"column":null}},"line":13}},"branchMap":{},"s":{"0":1,"1":0,"2":1,"3":0,"4":1,"5":2,"6":1,"7":0,"8":1,"9":1,"10":0,"11":1,"12":0},"f":{"0":0,"1":0,"2":2,"3":0,"4":0,"5":0},"b":{},"meta":{"lastBranch":0,"lastFunction":6,"lastStatement":13,"seen":{"s:3:13:3:Infinity":0,"f:3:13:3:31":0,"s:3:40:3:Infinity":1,"s:4:13:4:Infinity":2,"f:4:13:4:28":1,"s:4:39:4:Infinity":3,"s:5:13:5:Infinity":4,"f:5:13:5:38":2,"s:5:38:5:Infinity":5,"s:6:13:6:Infinity":6,"f:6:13:6:41":3,"s:6:41:6:Infinity":7,"s:9:34:9:Infinity":8,"s:11:13:12:Infinity":9,"f:11:13:11:33":4,"s:12:2:12:Infinity":10,"s:13:13:13:Infinity":11,"f:13:13:13:38":5,"s:13:38:13:Infinity":12},"fnNames":{}}}
,"/Users/bhaveshpatil/Developer/Project-SOC/Project-SOC/frontend/src/components/common/AttackChain.jsx": {"path":"/Users/bhaveshpatil/Developer/Project-SOC/Project-SOC/frontend/src/components/common/AttackChain.jsx","statementMap":{"0":{"start":{"line":4,"column":27},"end":{"line":94,"column":null}},"1":{"start":{"line":5,"column":2},"end":{"line":11,"column":null}},"2":{"start":{"line":6,"column":4},"end":{"line":9,"column":null}},"3":{"start":{"line":13,"column":8},"end":{"line":24,"column":null}},"4":{"start":{"line":14,"column":4},"end":{"line":23,"column":null}},"5":{"start":{"line":16,"column":8},"end":{"line":16,"column":null}},"6":{"start":{"line":18,"column":8},"end":{"line":18,"column":null}},"7":{"start":{"line":20,"column":8},"end":{"line":20,"column":null}},"8":{"start":{"line":22,"column":8},"end":{"line":22,"column":null}},"9":{"start":{"line":26,"column":8},"end":{"line":30,"column":null}},"10":{"start":{"line":27,"column":4},"end":{"line":27,"column":null}},"11":{"start":{"line":27,"column":22},"end":{"line":27,"column":null}},"12":{"start":{"line":28,"column":4},"end":{"line":28,"column":null}},"13":{"start":{"line":28,"column":22},"end":{"line":28,"column":null}},"14":{"start":{"line":29,"column":4},"end":{"line":29,"column":null}},"15":{"start":{"line":32,"column":8},"end":{"line":36,"column":null}},"16":{"start":{"line":33,"column":4},"end":{"line":33,"column":null}},"17":{"start":{"line":33,"column":18},"end":{"line":33,"column":null}},"18":{"start":{"line":34,"column":18},"end":{"line":34,"column":null}},"19":{"start":{"line":35,"column":4},"end":{"line":35,"column":null}},"20":{"start":{"line":38,"column":29},"end":{"line":44,"column":null}},"21":{"start":{"line":39,"column":4},"end":{"line":43,"column":null}},"22":{"start":{"line":40,"column":20},"end":{"line":40,"column":null}},"23":{"start":{"line":41,"column":21},"end":{"line":41,"column":null}},"24":{"start":{"line":42,"column":6},"end":{"line":42,"column":null}},"25":{"start":{"line":46,"column":2},"end":{"line":92,"column":null}},"26":{"start":{"line":50,"column":10},"end":{"line":89,"column":null}}},"fnMap":{"0":{"name":"(anonymous_0)","decl":{"start":{"line":4,"column":33},"end":{"line":4,"column":39}},"loc":{"start":{"line":4,"column":57},"end":{"line":94,"column":1}},"line":4},"1":{"name":"(anonymous_1)","decl":{"start":{"line":13,"column":8},"end":{"line":13,"column":22}},"loc":{"start":{"line":13,"column":34},"end":{"line":24,"column":null}},"line":13},"2":{"name":"(anonymous_2)","decl":{"start":{"line":26,"column":8},"end":{"line":26,"column":25}},"loc":{"start":{"line":26,"column":35},"end":{"line":30,"column":null}},"line":26},"3":{"name":"(anonymous_3)","decl":{"start":{"line":32,"column":8},"end":{"line":32,"column":24}},"loc":{"start":{"line":32,"column":36},"end":{"line":36,"column":null}},"line":32},"4":{"name":"(anonymous_4)","decl":{"start":{"line":38,"column":35},"end":{"line":38,"column":49}},"loc":{"start":{"line":38,"column":49},"end":{"line":44,"column":5}},"line":38},"5":{"name":"(anonymous_5)","decl":{"start":{"line":39,"column":21},"end":{"line":39,"column":26}},"loc":{"start":{"line":39,"column":41},"end":{"line":43,"column":5}},"line":39},"6":{"name":"(anonymous_6)","decl":{"start":{"line":49,"column":28},"end":{"line":49,"column":33}},"loc":{"start":{"line":50,"column":10},"end":{"line":89,"column":null}},"line":50}},"branchMap":{"0":{"loc":{"start":{"line":5,"column":2},"end":{"line":11,"column":null}},"type":"if","locations":[{"start":{"line":5,"column":2},"end":{"line":11,"column":null}},{"start":{},"end":{}}],"line":5},"1":{"loc":{"start":{"line":5,"column":6},"end":{"line":5,"column":44}},"type":"binary-expr","locations":[{"start":{"line":5,"column":6},"end":{"line":5,"column":20}},{"start":{"line":5,"column":20},"end":{"line":5,"column":44}}],"line":5},"2":{"loc":{"start":{"line":14,"column":4},"end":{"line":23,"column":null}},"type":"switch","locations":[{"start":{"line":15,"column":6},"end":{"line":16,"column":null}},{"start":{"line":17,"column":6},"end":{"line":18,"column":null}},{"start":{"line":19,"column":6},"end":{"line":20,"column":null}},{"start":{"line":21,"column":6},"end":{"line":22,"column":null}}],"line":14},"3":{"loc":{"start":{"line":27,"column":4},"end":{"line":27,"column":null}},"type":"if","locations":[{"start":{"line":27,"column":4},"end":{"line":27,"column":null}},{"start":{},"end":{}}],"line":27},"4":{"loc":{"start":{"line":28,"column":4},"end":{"line":28,"column":null}},"type":"if","locations":[{"start":{"line":28,"column":4},"end":{"line":28,"column":null}},{"start":{},"end":{}}],"line":28},"5":{"loc":{"start":{"line":33,"column":4},"end":{"line":33,"column":null}},"type":"if","locations":[{"start":{"line":33,"column":4},"end":{"line":33,"column":null}},{"start":{},"end":{}}],"line":33},"6":{"loc":{"start":{"line":35,"column":11},"end":{"line":35,"column":null}},"type":"cond-expr","locations":[{"start":{"line":35,"column":19},"end":{"line":35,"column":44}},{"start":{"line":35,"column":44},"end":{"line":35,"column":null}}],"line":35},"7":{"loc":{"start":{"line":40,"column":20},"end":{"line":40,"column":null}},"type":"cond-expr","locations":[{"start":{"line":40,"column":54},"end":{"line":40,"column":79}},{"start":{"line":40,"column":79},"end":{"line":40,"column":null}}],"line":40},"8":{"loc":{"start":{"line":41,"column":21},"end":{"line":41,"column":null}},"type":"binary-expr","locations":[{"start":{"line":41,"column":21},"end":{"line":41,"column":32}},{"start":{"line":41,"column":32},"end":{"line":41,"column":null}}],"line":41},"9":{"loc":{"start":{"line":52,"column":13},"end":{"line":66,"column":13}},"type":"binary-expr","locations":[{"start":{"line":52,"column":13},"end":{"line":52,"column":null}},{"start":{"line":53,"column":14},"end":{"line":66,"column":13}}],"line":52},"10":{"loc":{"start":{"line":54,"column":83},"end":{"line":54,"column":null}},"type":"cond-expr","locations":[{"start":{"line":54,"column":98},"end":{"line":54,"column":115}},{"start":{"line":54,"column":115},"end":{"line":54,"column":null}}],"line":54},"11":{"loc":{"start":{"line":57,"column":19},"end":{"line":57,"column":null}},"type":"cond-expr","locations":[{"start":{"line":57,"column":34},"end":{"line":57,"column":43}},{"start":{"line":57,"column":43},"end":{"line":57,"column":null}}],"line":57},"12":{"loc":{"start":{"line":60,"column":43},"end":{"line":60,"column":103}},"type":"cond-expr","locations":[{"start":{"line":60,"column":58},"end":{"line":60,"column":76}},{"start":{"line":60,"column":76},"end":{"line":60,"column":103}}],"line":60},"13":{"loc":{"start":{"line":82,"column":78},"end":{"line":82,"column":null}},"type":"cond-expr","locations":[{"start":{"line":82,"column":99},"end":{"line":82,"column":155}},{"start":{"line":82,"column":155},"end":{"line":82,"column":null}}],"line":82}},"s":{"0":1,"1":4,"2":1,"3":3,"4":9,"5":6,"6":3,"7":0,"8":0,"9":3,"10":9,"11":6,"12":3,"13":3,"14":0,"15":3,"16":12,"17":0,"18":12,"19":12,"20":3,"21":3,"22":9,"23":9,"24":9,"25":3,"26":9},"f":{"0":4,"1":9,"2":9,"3":12,"4":3,"5":9,"6":9},"b":{"0":[1,3],"1":[4,4],"2":[6,3,0,0],"3":[6,3],"4":[3,0],"5":[0,12],"6":[12,0],"7":[9,0],"8":[9,6],"9":[9,6],"10":[3,3],"11":[3,3],"12":[3,3],"13":[6,3]},"meta":{"lastBranch":14,"lastFunction":7,"lastStatement":27,"seen":{"s:4:27:94:Infinity":0,"f:4:33:4:39":0,"b:5:2:11:Infinity:undefined:undefined:undefined:undefined":0,"s:5:2:11:Infinity":1,"b:5:6:5:20:5:20:5:44":1,"s:6:4:9:Infinity":2,"s:13:8:24:Infinity":3,"f:13:8:13:22":1,"b:15:6:16:Infinity:17:6:18:Infinity:19:6:20:Infinity:21:6:22:Infinity":2,"s:14:4:23:Infinity":4,"s:16:8:16:Infinity":5,"s:18:8:18:Infinity":6,"s:20:8:20:Infinity":7,"s:22:8:22:Infinity":8,"s:26:8:30:Infinity":9,"f:26:8:26:25":2,"b:27:4:27:Infinity:undefined:undefined:undefined:undefined":3,"s:27:4:27:Infinity":10,"s:27:22:27:Infinity":11,"b:28:4:28:Infinity:undefined:undefined:undefined:undefined":4,"s:28:4:28:Infinity":12,"s:28:22:28:Infinity":13,"s:29:4:29:Infinity":14,"s:32:8:36:Infinity":15,"f:32:8:32:24":3,"b:33:4:33:Infinity:undefined:undefined:undefined:undefined":5,"s:33:4:33:Infinity":16,"s:33:18:33:Infinity":17,"s:34:18:34:Infinity":18,"s:35:4:35:Infinity":19,"b:35:19:35:44:35:44:35:Infinity":6,"s:38:29:44:Infinity":20,"f:38:35:38:49":4,"s:39:4:43:Infinity":21,"f:39:21:39:26":5,"s:40:20:40:Infinity":22,"b:40:54:40:79:40:79:40:Infinity":7,"s:41:21:41:Infinity":23,"b:41:21:41:32:41:32:41:Infinity":8,"s:42:6:42:Infinity":24,"s:46:2:92:Infinity":25,"f:49:28:49:33":6,"s:50:10:89:Infinity":26,"b:52:13:52:Infinity:53:14:66:13":9,"b:54:98:54:115:54:115:54:Infinity":10,"b:57:34:57:43:57:43:57:Infinity":11,"b:60:58:60:76:60:76:60:103":12,"b:82:99:82:155:82:155:82:Infinity":13},"fnNames":{}}}
,"/Users/bhaveshpatil/Developer/Project-SOC/Project-SOC/frontend/src/components/common/Badge.jsx": {"path":"/Users/bhaveshpatil/Developer/Project-SOC/Project-SOC/frontend/src/components/common/Badge.jsx","statementMap":{"0":{"start":{"line":5,"column":2},"end":{"line":5,"column":null}},"1":{"start":{"line":10,"column":21},"end":{"line":39,"column":null}},"2":{"start":{"line":11,"column":8},"end":{"line":11,"column":null}},"3":{"start":{"line":13,"column":19},"end":{"line":26,"column":null}},"4":{"start":{"line":28,"column":2},"end":{"line":37,"column":null}}},"fnMap":{"0":{"name":"cn","decl":{"start":{"line":4,"column":16},"end":{"line":4,"column":19}},"loc":{"start":{"line":4,"column":30},"end":{"line":6,"column":null}},"line":4},"1":{"name":"(anonymous_1)","decl":{"start":{"line":10,"column":27},"end":{"line":10,"column":33}},"loc":{"start":{"line":10,"column":82},"end":{"line":39,"column":1}},"line":10}},"branchMap":{"0":{"loc":{"start":{"line":10,"column":56},"end":{"line":10,"column":82}},"type":"default-arg","locations":[{"start":{"line":10,"column":66},"end":{"line":10,"column":82}}],"line":10},"1":{"loc":{"start":{"line":11,"column":13},"end":{"line":11,"column":35}},"type":"binary-expr","locations":[{"start":{"line":11,"column":13},"end":{"line":11,"column":24}},{"start":{"line":11,"column":24},"end":{"line":11,"column":35}}],"line":11},"2":{"loc":{"start":{"line":32,"column":8},"end":{"line":32,"column":null}},"type":"binary-expr","locations":[{"start":{"line":32,"column":8},"end":{"line":32,"column":23}},{"start":{"line":32,"column":23},"end":{"line":32,"column":null}}],"line":32}},"s":{"0":64,"1":4,"2":64,"3":64,"4":64},"f":{"0":64,"1":64},"b":{"0":[64],"1":[64,0],"2":[64,10]},"meta":{"lastBranch":3,"lastFunction":2,"lastStatement":5,"seen":{"f:4:16:4:19":0,"s:5:2:5:Infinity":0,"s:10:21:39:Infinity":1,"f:10:27:10:33":1,"b:10:66:10:82":0,"s:11:8:11:Infinity":2,"b:11:13:11:24:11:24:11:35":1,"s:13:19:26:Infinity":3,"s:28:2:37:Infinity":4,"b:32:8:32:23:32:23:32:Infinity":2},"fnNames":{}}}
,"/Users/bhaveshpatil/Developer/Project-SOC/Project-SOC/frontend/src/components/common/ConfirmDialog.jsx": {"path":"/Users/bhaveshpatil/Developer/Project-SOC/Project-SOC/frontend/src/components/common/ConfirmDialog.jsx","statementMap":{"0":{"start":{"line":5,"column":13},"end":{"line":64,"column":null}},"1":{"start":{"line":14,"column":2},"end":{"line":14,"column":null}},"2":{"start":{"line":14,"column":15},"end":{"line":14,"column":null}},"3":{"start":{"line":16,"column":2},"end":{"line":62,"column":null}},"4":{"start":{"line":51,"column":14},"end":{"line":51,"column":null}},"5":{"start":{"line":52,"column":14},"end":{"line":52,"column":null}},"6":{"start":{"line":66,"column":0},"end":{"line":74,"column":null}}},"fnMap":{"0":{"name":"(anonymous_0)","decl":{"start":{"line":5,"column":13},"end":{"line":5,"column":30}},"loc":{"start":{"line":13,"column":6},"end":{"line":64,"column":null}},"line":13},"1":{"name":"(anonymous_1)","decl":{"start":{"line":50,"column":12},"end":{"line":50,"column":27}},"loc":{"start":{"line":50,"column":27},"end":{"line":53,"column":null}},"line":50}},"branchMap":{"0":{"loc":{"start":{"line":9,"column":2},"end":{"line":9,"column":null}},"type":"default-arg","locations":[{"start":{"line":9,"column":17},"end":{"line":9,"column":null}}],"line":9},"1":{"loc":{"start":{"line":12,"column":2},"end":{"line":12,"column":null}},"type":"default-arg","locations":[{"start":{"line":12,"column":11},"end":{"line":12,"column":null}}],"line":12},"2":{"loc":{"start":{"line":14,"column":2},"end":{"line":14,"column":null}},"type":"if","locations":[{"start":{"line":14,"column":2},"end":{"line":14,"column":null}},{"start":{},"end":{}}],"line":14},"3":{"loc":{"start":{"line":26,"column":45},"end":{"line":26,"column":null}},"type":"cond-expr","locations":[{"start":{"line":26,"column":54},"end":{"line":26,"column":85}},{"start":{"line":26,"column":85},"end":{"line":26,"column":null}}],"line":26},"4":{"loc":{"start":{"line":55,"column":14},"end":{"line":55,"column":null}},"type":"cond-expr","locations":[{"start":{"line":55,"column":23},"end":{"line":55,"column":55}},{"start":{"line":55,"column":55},"end":{"line":55,"column":null}}],"line":55}},"s":{"0":2,"1":4,"2":3,"3":1,"4":1,"5":1,"6":2},"f":{"0":4,"1":1},"b":{"0":[4],"1":[4],"2":[3,1],"3":[0,1],"4":[0,1]},"meta":{"lastBranch":5,"lastFunction":2,"lastStatement":7,"seen":{"s:5:13:64:Infinity":0,"f:5:13:5:30":0,"b:9:17:9:Infinity":0,"b:12:11:12:Infinity":1,"b:14:2:14:Infinity:undefined:undefined:undefined:undefined":2,"s:14:2:14:Infinity":1,"s:14:15:14:Infinity":2,"s:16:2:62:Infinity":3,"b:26:54:26:85:26:85:26:Infinity":3,"f:50:12:50:27":1,"s:51:14:51:Infinity":4,"s:52:14:52:Infinity":5,"b:55:23:55:55:55:55:55:Infinity":4,"s:66:0:74:Infinity":6},"fnNames":{}}}
,"/Users/bhaveshpatil/Developer/Project-SOC/Project-SOC/frontend/src/components/common/CorrelationGraph.jsx": {"path":"/Users/bhaveshpatil/Developer/Project-SOC/Project-SOC/frontend/src/components/common/CorrelationGraph.jsx","statementMap":{"0":{"start":{"line":8,"column":32},"end":{"line":568,"column":null}},"1":{"start":{"line":10,"column":10},"end":{"line":10,"column":null}},"2":{"start":{"line":11,"column":10},"end":{"line":11,"column":null}},"3":{"start":{"line":12,"column":10},"end":{"line":12,"column":null}},"4":{"start":{"line":13,"column":10},"end":{"line":13,"column":null}},"5":{"start":{"line":15,"column":21},"end":{"line":15,"column":null}},"6":{"start":{"line":16,"column":26},"end":{"line":16,"column":null}},"7":{"start":{"line":17,"column":15},"end":{"line":17,"column":null}},"8":{"start":{"line":19,"column":4},"end":{"line":21,"column":null}},"9":{"start":{"line":20,"column":6},"end":{"line":20,"column":null}},"10":{"start":{"line":20,"column":49},"end":{"line":20,"column":null}},"11":{"start":{"line":22,"column":23},"end":{"line":22,"column":null}},"12":{"start":{"line":23,"column":20},"end":{"line":23,"column":null}},"13":{"start":{"line":24,"column":12},"end":{"line":24,"column":null}},"14":{"start":{"line":25,"column":19},"end":{"line":25,"column":null}},"15":{"start":{"line":28,"column":10},"end":{"line":147,"column":null}},"16":{"start":{"line":29,"column":23},"end":{"line":29,"column":null}},"17":{"start":{"line":30,"column":20},"end":{"line":30,"column":null}},"18":{"start":{"line":33,"column":31},"end":{"line":33,"column":null}},"19":{"start":{"line":34,"column":24},"end":{"line":34,"column":null}},"20":{"start":{"line":36,"column":33},"end":{"line":36,"column":null}},"21":{"start":{"line":36,"column":57},"end":{"line":36,"column":93}},"22":{"start":{"line":37,"column":30},"end":{"line":37,"column":null}},"23":{"start":{"line":37,"column":51},"end":{"line":37,"column":96}},"24":{"start":{"line":40,"column":6},"end":{"line":70,"column":null}},"25":{"start":{"line":41,"column":8},"end":{"line":51,"column":null}},"26":{"start":{"line":42,"column":10},"end":{"line":50,"column":null}},"27":{"start":{"line":54,"column":8},"end":{"line":61,"column":null}},"28":{"start":{"line":55,"column":10},"end":{"line":60,"column":null}},"29":{"start":{"line":62,"column":8},"end":{"line":69,"column":null}},"30":{"start":{"line":63,"column":10},"end":{"line":68,"column":null}},"31":{"start":{"line":72,"column":6},"end":{"line":96,"column":null}},"32":{"start":{"line":73,"column":8},"end":{"line":84,"column":null}},"33":{"start":{"line":74,"column":10},"end":{"line":83,"column":null}},"34":{"start":{"line":85,"column":8},"end":{"line":87,"column":null}},"35":{"start":{"line":86,"column":10},"end":{"line":86,"column":null}},"36":{"start":{"line":88,"column":8},"end":{"line":95,"column":null}},"37":{"start":{"line":89,"column":10},"end":{"line":94,"column":null}},"38":{"start":{"line":99,"column":6},"end":{"line":105,"column":null}},"39":{"start":{"line":100,"column":9},"end":{"line":104,"column":null}},"40":{"start":{"line":101,"column":10},"end":{"line":103,"column":null}},"41":{"start":{"line":102,"column":12},"end":{"line":102,"column":null}},"42":{"start":{"line":107,"column":6},"end":{"line":114,"column":null}},"43":{"start":{"line":108,"column":8},"end":{"line":110,"column":null}},"44":{"start":{"line":109,"column":10},"end":{"line":109,"column":null}},"45":{"start":{"line":111,"column":8},"end":{"line":113,"column":null}},"46":{"start":{"line":112,"column":10},"end":{"line":112,"column":null}},"47":{"start":{"line":117,"column":25},"end":{"line":117,"column":null}},"48":{"start":{"line":117,"column":69},"end":{"line":117,"column":87}},"49":{"start":{"line":118,"column":6},"end":{"line":129,"column":null}},"50":{"start":{"line":118,"column":19},"end":{"line":118,"column":22}},"51":{"start":{"line":119,"column":8},"end":{"line":128,"column":null}},"52":{"start":{"line":119,"column":21},"end":{"line":119,"column":28}},"53":{"start":{"line":120,"column":21},"end":{"line":120,"column":null}},"54":{"start":{"line":121,"column":21},"end":{"line":121,"column":null}},"55":{"start":{"line":122,"column":10},"end":{"line":127,"column":null}},"56":{"start":{"line":123,"column":29},"end":{"line":123,"column":null}},"57":{"start":{"line":124,"column":12},"end":{"line":126,"column":null}},"58":{"start":{"line":125,"column":14},"end":{"line":125,"column":null}},"59":{"start":{"line":131,"column":18},"end":{"line":131,"column":null}},"60":{"start":{"line":134,"column":6},"end":{"line":144,"column":null}},"61":{"start":{"line":135,"column":8},"end":{"line":135,"column":null}},"62":{"start":{"line":136,"column":8},"end":{"line":136,"column":null}},"63":{"start":{"line":136,"column":23},"end":{"line":136,"column":60}},"64":{"start":{"line":137,"column":24},"end":{"line":137,"column":null}},"65":{"start":{"line":137,"column":68},"end":{"line":137,"column":72}},"66":{"start":{"line":138,"column":8},"end":{"line":138,"column":null}},"67":{"start":{"line":138,"column":36},"end":{"line":138,"column":53}},"68":{"start":{"line":139,"column":8},"end":{"line":143,"column":null}},"69":{"start":{"line":139,"column":21},"end":{"line":139,"column":39}},"70":{"start":{"line":140,"column":10},"end":{"line":142,"column":null}},"71":{"start":{"line":141,"column":12},"end":{"line":141,"column":null}},"72":{"start":{"line":146,"column":6},"end":{"line":146,"column":null}},"73":{"start":{"line":149,"column":4},"end":{"line":481,"column":null}},"74":{"start":{"line":150,"column":6},"end":{"line":150,"column":null}},"75":{"start":{"line":150,"column":81},"end":{"line":150,"column":null}},"76":{"start":{"line":152,"column":20},"end":{"line":152,"column":null}},"77":{"start":{"line":153,"column":21},"end":{"line":153,"column":null}},"78":{"start":{"line":155,"column":24},"end":{"line":155,"column":null}},"79":{"start":{"line":157,"column":18},"end":{"line":157,"column":null}},"80":{"start":{"line":158,"column":21},"end":{"line":158,"column":null}},"81":{"start":{"line":160,"column":6},"end":{"line":160,"column":null}},"82":{"start":{"line":161,"column":22},"end":{"line":161,"column":null}},"83":{"start":{"line":163,"column":6},"end":{"line":171,"column":null}},"84":{"start":{"line":164,"column":8},"end":{"line":164,"column":null}},"85":{"start":{"line":165,"column":8},"end":{"line":165,"column":null}},"86":{"start":{"line":166,"column":8},"end":{"line":166,"column":null}},"87":{"start":{"line":167,"column":8},"end":{"line":167,"column":null}},"88":{"start":{"line":169,"column":8},"end":{"line":169,"column":null}},"89":{"start":{"line":169,"column":20},"end":{"line":169,"column":null}},"90":{"start":{"line":170,"column":8},"end":{"line":170,"column":null}},"91":{"start":{"line":174,"column":22},"end":{"line":174,"column":null}},"92":{"start":{"line":175,"column":19},"end":{"line":183,"column":null}},"93":{"start":{"line":179,"column":10},"end":{"line":179,"column":null}},"94":{"start":{"line":180,"column":10},"end":{"line":182,"column":null}},"95":{"start":{"line":181,"column":12},"end":{"line":181,"column":null}},"96":{"start":{"line":182,"column":15},"end":{"line":182,"column":null}},"97":{"start":{"line":185,"column":6},"end":{"line":189,"column":null}},"98":{"start":{"line":186,"column":8},"end":{"line":186,"column":null}},"99":{"start":{"line":188,"column":8},"end":{"line":188,"column":null}},"100":{"start":{"line":191,"column":16},"end":{"line":191,"column":null}},"101":{"start":{"line":194,"column":20},"end":{"line":194,"column":null}},"102":{"start":{"line":194,"column":47},"end":{"line":194,"column":63}},"103":{"start":{"line":195,"column":20},"end":{"line":195,"column":null}},"104":{"start":{"line":195,"column":47},"end":{"line":195,"column":63}},"105":{"start":{"line":198,"column":18},"end":{"line":213,"column":null}},"106":{"start":{"line":204,"column":23},"end":{"line":204,"column":27}},"107":{"start":{"line":211,"column":42},"end":{"line":211,"column":55}},"108":{"start":{"line":215,"column":6},"end":{"line":215,"column":null}},"109":{"start":{"line":219,"column":6},"end":{"line":362,"column":null}},"110":{"start":{"line":221,"column":8},"end":{"line":233,"column":null}},"111":{"start":{"line":228,"column":12},"end":{"line":228,"column":null}},"112":{"start":{"line":228,"column":45},"end":{"line":228,"column":null}},"113":{"start":{"line":229,"column":12},"end":{"line":229,"column":null}},"114":{"start":{"line":229,"column":42},"end":{"line":229,"column":null}},"115":{"start":{"line":230,"column":12},"end":{"line":230,"column":null}},"116":{"start":{"line":232,"column":40},"end":{"line":232,"column":78}},"117":{"start":{"line":233,"column":44},"end":{"line":233,"column":86}},"118":{"start":{"line":236,"column":14},"end":{"line":246,"column":null}},"119":{"start":{"line":237,"column":21},"end":{"line":237,"column":null}},"120":{"start":{"line":238,"column":21},"end":{"line":238,"column":null}},"121":{"start":{"line":239,"column":10},"end":{"line":243,"column":null}},"122":{"start":{"line":239,"column":23},"end":{"line":239,"column":26}},"123":{"start":{"line":240,"column":22},"end":{"line":240,"column":null}},"124":{"start":{"line":241,"column":22},"end":{"line":241,"column":null}},"125":{"start":{"line":242,"column":12},"end":{"line":242,"column":null}},"126":{"start":{"line":244,"column":10},"end":{"line":244,"column":null}},"127":{"start":{"line":245,"column":10},"end":{"line":245,"column":null}},"128":{"start":{"line":249,"column":8},"end":{"line":254,"column":null}},"129":{"start":{"line":257,"column":8},"end":{"line":292,"column":null}},"130":{"start":{"line":258,"column":21},"end":{"line":258,"column":null}},"131":{"start":{"line":259,"column":10},"end":{"line":291,"column":null}},"132":{"start":{"line":260,"column":12},"end":{"line":264,"column":null}},"133":{"start":{"line":266,"column":12},"end":{"line":290,"column":null}},"134":{"start":{"line":269,"column":16},"end":{"line":269,"column":null}},"135":{"start":{"line":269,"column":39},"end":{"line":269,"column":null}},"136":{"start":{"line":270,"column":16},"end":{"line":270,"column":null}},"137":{"start":{"line":270,"column":39},"end":{"line":270,"column":null}},"138":{"start":{"line":271,"column":16},"end":{"line":276,"column":null}},"139":{"start":{"line":272,"column":18},"end":{"line":272,"column":null}},"140":{"start":{"line":272,"column":38},"end":{"line":272,"column":null}},"141":{"start":{"line":273,"column":18},"end":{"line":273,"column":null}},"142":{"start":{"line":273,"column":38},"end":{"line":273,"column":null}},"143":{"start":{"line":274,"column":18},"end":{"line":274,"column":null}},"144":{"start":{"line":274,"column":38},"end":{"line":274,"column":null}},"145":{"start":{"line":275,"column":18},"end":{"line":275,"column":null}},"146":{"start":{"line":277,"column":16},"end":{"line":277,"column":null}},"147":{"start":{"line":280,"column":16},"end":{"line":280,"column":null}},"148":{"start":{"line":280,"column":39},"end":{"line":280,"column":null}},"149":{"start":{"line":281,"column":16},"end":{"line":281,"column":null}},"150":{"start":{"line":281,"column":39},"end":{"line":281,"column":null}},"151":{"start":{"line":282,"column":16},"end":{"line":287,"column":null}},"152":{"start":{"line":283,"column":18},"end":{"line":283,"column":null}},"153":{"start":{"line":283,"column":38},"end":{"line":283,"column":null}},"154":{"start":{"line":284,"column":18},"end":{"line":284,"column":null}},"155":{"start":{"line":284,"column":38},"end":{"line":284,"column":null}},"156":{"start":{"line":285,"column":18},"end":{"line":285,"column":null}},"157":{"start":{"line":285,"column":38},"end":{"line":285,"column":null}},"158":{"start":{"line":286,"column":18},"end":{"line":286,"column":null}},"159":{"start":{"line":288,"column":16},"end":{"line":288,"column":null}},"160":{"start":{"line":295,"column":8},"end":{"line":303,"column":null}},"161":{"start":{"line":297,"column":28},"end":{"line":297,"column":40}},"162":{"start":{"line":299,"column":23},"end":{"line":299,"column":30}},"163":{"start":{"line":305,"column":8},"end":{"line":347,"column":null}},"164":{"start":{"line":307,"column":12},"end":{"line":312,"column":null}},"165":{"start":{"line":313,"column":12},"end":{"line":316,"column":null}},"166":{"start":{"line":319,"column":12},"end":{"line":319,"column":null}},"167":{"start":{"line":320,"column":12},"end":{"line":338,"column":null}},"168":{"start":{"line":341,"column":12},"end":{"line":346,"column":null}},"169":{"start":{"line":342,"column":14},"end":{"line":342,"column":null}},"170":{"start":{"line":344,"column":14},"end":{"line":344,"column":null}},"171":{"start":{"line":344,"column":38},"end":{"line":344,"column":null}},"172":{"start":{"line":345,"column":14},"end":{"line":345,"column":null}},"173":{"start":{"line":345,"column":41},"end":{"line":345,"column":null}},"174":{"start":{"line":350,"column":8},"end":{"line":361,"column":null}},"175":{"start":{"line":355,"column":29},"end":{"line":355,"column":null}},"176":{"start":{"line":356,"column":14},"end":{"line":356,"column":null}},"177":{"start":{"line":365,"column":8},"end":{"line":455,"column":null}},"178":{"start":{"line":366,"column":10},"end":{"line":366,"column":null}},"179":{"start":{"line":367,"column":10},"end":{"line":367,"column":null}},"180":{"start":{"line":368,"column":10},"end":{"line":368,"column":null}},"181":{"start":{"line":369,"column":10},"end":{"line":369,"column":null}},"182":{"start":{"line":372,"column":10},"end":{"line":372,"column":null}},"183":{"start":{"line":373,"column":10},"end":{"line":391,"column":null}},"184":{"start":{"line":374,"column":12},"end":{"line":374,"column":null}},"185":{"start":{"line":375,"column":12},"end":{"line":375,"column":null}},"186":{"start":{"line":376,"column":12},"end":{"line":376,"column":null}},"187":{"start":{"line":377,"column":12},"end":{"line":389,"column":null}},"188":{"start":{"line":378,"column":14},"end":{"line":378,"column":null}},"189":{"start":{"line":379,"column":14},"end":{"line":379,"column":null}},"190":{"start":{"line":380,"column":14},"end":{"line":380,"column":null}},"191":{"start":{"line":381,"column":19},"end":{"line":389,"column":null}},"192":{"start":{"line":382,"column":14},"end":{"line":382,"column":null}},"193":{"start":{"line":383,"column":14},"end":{"line":383,"column":null}},"194":{"start":{"line":384,"column":14},"end":{"line":384,"column":null}},"195":{"start":{"line":386,"column":14},"end":{"line":386,"column":null}},"196":{"start":{"line":387,"column":14},"end":{"line":387,"column":null}},"197":{"start":{"line":388,"column":14},"end":{"line":388,"column":null}},"198":{"start":{"line":390,"column":12},"end":{"line":390,"column":null}},"199":{"start":{"line":394,"column":10},"end":{"line":394,"column":null}},"200":{"start":{"line":395,"column":10},"end":{"line":395,"column":null}},"201":{"start":{"line":396,"column":10},"end":{"line":445,"column":null}},"202":{"start":{"line":397,"column":12},"end":{"line":397,"column":null}},"203":{"start":{"line":398,"column":12},"end":{"line":437,"column":null}},"204":{"start":{"line":399,"column":25},"end":{"line":399,"column":null}},"205":{"start":{"line":400,"column":14},"end":{"line":405,"column":null}},"206":{"start":{"line":400,"column":27},"end":{"line":400,"column":30}},"207":{"start":{"line":401,"column":26},"end":{"line":401,"column":null}},"208":{"start":{"line":402,"column":26},"end":{"line":402,"column":null}},"209":{"start":{"line":403,"column":16},"end":{"line":404,"column":null}},"210":{"start":{"line":403,"column":29},"end":{"line":403,"column":null}},"211":{"start":{"line":404,"column":21},"end":{"line":404,"column":null}},"212":{"start":{"line":406,"column":14},"end":{"line":406,"column":null}},"213":{"start":{"line":407,"column":14},"end":{"line":407,"column":null}},"214":{"start":{"line":408,"column":14},"end":{"line":408,"column":null}},"215":{"start":{"line":409,"column":14},"end":{"line":409,"column":null}},"216":{"start":{"line":411,"column":14},"end":{"line":411,"column":null}},"217":{"start":{"line":412,"column":14},"end":{"line":435,"column":null}},"218":{"start":{"line":413,"column":16},"end":{"line":413,"column":null}},"219":{"start":{"line":414,"column":16},"end":{"line":414,"column":null}},"220":{"start":{"line":415,"column":21},"end":{"line":435,"column":null}},"221":{"start":{"line":416,"column":16},"end":{"line":416,"column":null}},"222":{"start":{"line":417,"column":16},"end":{"line":417,"column":null}},"223":{"start":{"line":418,"column":21},"end":{"line":435,"column":null}},"224":{"start":{"line":419,"column":16},"end":{"line":431,"column":null}},"225":{"start":{"line":420,"column":18},"end":{"line":420,"column":null}},"226":{"start":{"line":421,"column":18},"end":{"line":421,"column":null}},"227":{"start":{"line":422,"column":23},"end":{"line":431,"column":null}},"228":{"start":{"line":423,"column":18},"end":{"line":423,"column":null}},"229":{"start":{"line":424,"column":18},"end":{"line":424,"column":null}},"230":{"start":{"line":425,"column":23},"end":{"line":431,"column":null}},"231":{"start":{"line":426,"column":18},"end":{"line":426,"column":null}},"232":{"start":{"line":427,"column":18},"end":{"line":427,"column":null}},"233":{"start":{"line":429,"column":18},"end":{"line":429,"column":null}},"234":{"start":{"line":430,"column":18},"end":{"line":430,"column":null}},"235":{"start":{"line":433,"column":16},"end":{"line":433,"column":null}},"236":{"start":{"line":434,"column":16},"end":{"line":434,"column":null}},"237":{"start":{"line":436,"column":14},"end":{"line":436,"column":null}},"238":{"start":{"line":438,"column":12},"end":{"line":438,"column":null}},"239":{"start":{"line":439,"column":12},"end":{"line":439,"column":null}},"240":{"start":{"line":442,"column":12},"end":{"line":442,"column":null}},"241":{"start":{"line":443,"column":12},"end":{"line":443,"column":null}},"242":{"start":{"line":444,"column":12},"end":{"line":444,"column":null}},"243":{"start":{"line":447,"column":10},"end":{"line":447,"column":null}},"244":{"start":{"line":448,"column":15},"end":{"line":455,"column":null}},"245":{"start":{"line":449,"column":10},"end":{"line":453,"column":null}},"246":{"start":{"line":450,"column":31},"end":{"line":450,"column":41}},"247":{"start":{"line":451,"column":31},"end":{"line":451,"column":41}},"248":{"start":{"line":452,"column":31},"end":{"line":452,"column":41}},"249":{"start":{"line":453,"column":31},"end":{"line":453,"column":41}},"250":{"start":{"line":454,"column":10},"end":{"line":454,"column":null}},"251":{"start":{"line":454,"column":48},"end":{"line":454,"column":74}},"252":{"start":{"line":458,"column":6},"end":{"line":458,"column":null}},"253":{"start":{"line":462,"column":8},"end":{"line":462,"column":null}},"254":{"start":{"line":462,"column":27},"end":{"line":462,"column":null}},"255":{"start":{"line":463,"column":8},"end":{"line":463,"column":null}},"256":{"start":{"line":464,"column":8},"end":{"line":464,"column":null}},"257":{"start":{"line":468,"column":8},"end":{"line":468,"column":null}},"258":{"start":{"line":469,"column":8},"end":{"line":469,"column":null}},"259":{"start":{"line":473,"column":8},"end":{"line":473,"column":null}},"260":{"start":{"line":473,"column":27},"end":{"line":473,"column":null}},"261":{"start":{"line":474,"column":8},"end":{"line":474,"column":null}},"262":{"start":{"line":475,"column":8},"end":{"line":475,"column":null}},"263":{"start":{"line":478,"column":6},"end":{"line":480,"column":null}},"264":{"start":{"line":479,"column":8},"end":{"line":479,"column":null}},"265":{"start":{"line":483,"column":10},"end":{"line":487,"column":null}},"266":{"start":{"line":484,"column":6},"end":{"line":486,"column":null}},"267":{"start":{"line":485,"column":8},"end":{"line":485,"column":null}},"268":{"start":{"line":489,"column":4},"end":{"line":495,"column":null}},"269":{"start":{"line":490,"column":6},"end":{"line":493,"column":null}},"270":{"start":{"line":497,"column":4},"end":{"line":565,"column":null}},"271":{"start":{"line":506,"column":31},"end":{"line":506,"column":null}},"272":{"start":{"line":518,"column":31},"end":{"line":518,"column":null}}},"fnMap":{"0":{"name":"(anonymous_0)","decl":{"start":{"line":8,"column":38},"end":{"line":8,"column":null}},"loc":{"start":{"line":9,"column":68},"end":{"line":567,"column":null}},"line":9},"1":{"name":"(anonymous_1)","decl":{"start":{"line":19,"column":4},"end":{"line":19,"column":20}},"loc":{"start":{"line":19,"column":20},"end":{"line":21,"column":7}},"line":19},"2":{"name":"(anonymous_2)","decl":{"start":{"line":20,"column":49},"end":{"line":20,"column":null}},"loc":{"start":{"line":20,"column":49},"end":{"line":20,"column":null}},"line":20},"3":{"name":"(anonymous_3)","decl":{"start":{"line":28,"column":22},"end":{"line":28,"column":36}},"loc":{"start":{"line":28,"column":36},"end":{"line":147,"column":7}},"line":28},"4":{"name":"(anonymous_4)","decl":{"start":{"line":36,"column":43},"end":{"line":36,"column":51}},"loc":{"start":{"line":36,"column":57},"end":{"line":36,"column":93}},"line":36},"5":{"name":"(anonymous_5)","decl":{"start":{"line":37,"column":37},"end":{"line":37,"column":45}},"loc":{"start":{"line":37,"column":51},"end":{"line":37,"column":96}},"line":37},"6":{"name":"(anonymous_6)","decl":{"start":{"line":40,"column":25},"end":{"line":40,"column":34}},"loc":{"start":{"line":40,"column":42},"end":{"line":70,"column":7}},"line":40},"7":{"name":"(anonymous_7)","decl":{"start":{"line":72,"column":22},"end":{"line":72,"column":31}},"loc":{"start":{"line":72,"column":38},"end":{"line":96,"column":7}},"line":72},"8":{"name":"(anonymous_8)","decl":{"start":{"line":99,"column":25},"end":{"line":99,"column":34}},"loc":{"start":{"line":99,"column":42},"end":{"line":105,"column":7}},"line":99},"9":{"name":"(anonymous_9)","decl":{"start":{"line":100,"column":31},"end":{"line":100,"column":40}},"loc":{"start":{"line":100,"column":49},"end":{"line":104,"column":9}},"line":100},"10":{"name":"(anonymous_10)","decl":{"start":{"line":107,"column":22},"end":{"line":107,"column":31}},"loc":{"start":{"line":107,"column":38},"end":{"line":114,"column":7}},"line":107},"11":{"name":"(anonymous_11)","decl":{"start":{"line":117,"column":55},"end":{"line":117,"column":63}},"loc":{"start":{"line":117,"column":69},"end":{"line":117,"column":87}},"line":117},"12":{"name":"(anonymous_12)","decl":{"start":{"line":136,"column":14},"end":{"line":136,"column":20}},"loc":{"start":{"line":136,"column":23},"end":{"line":136,"column":60}},"line":136},"13":{"name":"(anonymous_13)","decl":{"start":{"line":137,"column":57},"end":{"line":137,"column":62}},"loc":{"start":{"line":137,"column":68},"end":{"line":137,"column":72}},"line":137},"14":{"name":"(anonymous_14)","decl":{"start":{"line":138,"column":22},"end":{"line":138,"column":30}},"loc":{"start":{"line":138,"column":36},"end":{"line":138,"column":53}},"line":138},"15":{"name":"(anonymous_15)","decl":{"start":{"line":149,"column":4},"end":{"line":149,"column":20}},"loc":{"start":{"line":149,"column":20},"end":{"line":481,"column":7}},"line":149},"16":{"name":"(anonymous_16)","decl":{"start":{"line":178,"column":12},"end":{"line":178,"column":21}},"loc":{"start":{"line":178,"column":27},"end":{"line":183,"column":9}},"line":178},"17":{"name":"(anonymous_17)","decl":{"start":{"line":194,"column":36},"end":{"line":194,"column":41}},"loc":{"start":{"line":194,"column":47},"end":{"line":194,"column":63}},"line":194},"18":{"name":"(anonymous_18)","decl":{"start":{"line":195,"column":36},"end":{"line":195,"column":41}},"loc":{"start":{"line":195,"column":47},"end":{"line":195,"column":63}},"line":195},"19":{"name":"(anonymous_19)","decl":{"start":{"line":204,"column":13},"end":{"line":204,"column":17}},"loc":{"start":{"line":204,"column":23},"end":{"line":204,"column":27}},"line":204},"20":{"name":"(anonymous_20)","decl":{"start":{"line":211,"column":28},"end":{"line":211,"column":36}},"loc":{"start":{"line":211,"column":42},"end":{"line":211,"column":55}},"line":211},"21":{"name":"(anonymous_21)","decl":{"start":{"line":227,"column":16},"end":{"line":227,"column":27}},"loc":{"start":{"line":227,"column":33},"end":{"line":231,"column":11}},"line":227},"22":{"name":"(anonymous_22)","decl":{"start":{"line":232,"column":16},"end":{"line":232,"column":33}},"loc":{"start":{"line":232,"column":40},"end":{"line":232,"column":78}},"line":232},"23":{"name":"(anonymous_23)","decl":{"start":{"line":233,"column":16},"end":{"line":233,"column":37}},"loc":{"start":{"line":233,"column":44},"end":{"line":233,"column":86}},"line":233},"24":{"name":"(anonymous_24)","decl":{"start":{"line":236,"column":14},"end":{"line":236,"column":25}},"loc":{"start":{"line":236,"column":31},"end":{"line":246,"column":null}},"line":236},"25":{"name":"(anonymous_25)","decl":{"start":{"line":257,"column":26},"end":{"line":257,"column":36}},"loc":{"start":{"line":257,"column":39},"end":{"line":292,"column":9}},"line":257},"26":{"name":"(anonymous_26)","decl":{"start":{"line":268,"column":20},"end":{"line":268,"column":29}},"loc":{"start":{"line":268,"column":35},"end":{"line":278,"column":15}},"line":268},"27":{"name":"(anonymous_27)","decl":{"start":{"line":279,"column":20},"end":{"line":279,"column":31}},"loc":{"start":{"line":279,"column":37},"end":{"line":289,"column":15}},"line":279},"28":{"name":"(anonymous_28)","decl":{"start":{"line":297,"column":16},"end":{"line":297,"column":22}},"loc":{"start":{"line":297,"column":28},"end":{"line":297,"column":40}},"line":297},"29":{"name":"(anonymous_29)","decl":{"start":{"line":299,"column":11},"end":{"line":299,"column":17}},"loc":{"start":{"line":299,"column":23},"end":{"line":299,"column":30}},"line":299},"30":{"name":"(anonymous_30)","decl":{"start":{"line":306,"column":14},"end":{"line":306,"column":28}},"loc":{"start":{"line":306,"column":41},"end":{"line":317,"column":11}},"line":306},"31":{"name":"(anonymous_31)","decl":{"start":{"line":318,"column":14},"end":{"line":318,"column":27}},"loc":{"start":{"line":318,"column":40},"end":{"line":339,"column":11}},"line":318},"32":{"name":"(anonymous_32)","decl":{"start":{"line":340,"column":14},"end":{"line":340,"column":24}},"loc":{"start":{"line":340,"column":37},"end":{"line":347,"column":11}},"line":340},"33":{"name":"(anonymous_33)","decl":{"start":{"line":354,"column":13},"end":{"line":354,"column":22}},"loc":{"start":{"line":354,"column":32},"end":{"line":357,"column":13}},"line":354},"34":{"name":"tick","decl":{"start":{"line":364,"column":15},"end":{"line":364,"column":22}},"loc":{"start":{"line":364,"column":22},"end":{"line":456,"column":null}},"line":364},"35":{"name":"(anonymous_35)","decl":{"start":{"line":373,"column":16},"end":{"line":373,"column":25}},"loc":{"start":{"line":373,"column":31},"end":{"line":391,"column":11}},"line":373},"36":{"name":"(anonymous_36)","decl":{"start":{"line":396,"column":16},"end":{"line":396,"column":25}},"loc":{"start":{"line":396,"column":31},"end":{"line":445,"column":11}},"line":396},"37":{"name":"(anonymous_37)","decl":{"start":{"line":450,"column":18},"end":{"line":450,"column":25}},"loc":{"start":{"line":450,"column":31},"end":{"line":450,"column":41}},"line":450},"38":{"name":"(anonymous_38)","decl":{"start":{"line":451,"column":18},"end":{"line":451,"column":25}},"loc":{"start":{"line":451,"column":31},"end":{"line":451,"column":41}},"line":451},"39":{"name":"(anonymous_39)","decl":{"start":{"line":452,"column":18},"end":{"line":452,"column":25}},"loc":{"start":{"line":452,"column":31},"end":{"line":452,"column":41}},"line":452},"40":{"name":"(anonymous_40)","decl":{"start":{"line":453,"column":18},"end":{"line":453,"column":25}},"loc":{"start":{"line":453,"column":31},"end":{"line":453,"column":41}},"line":453},"41":{"name":"(anonymous_41)","decl":{"start":{"line":454,"column":28},"end":{"line":454,"column":42}},"loc":{"start":{"line":454,"column":48},"end":{"line":454,"column":74}},"line":454},"42":{"name":"dragstarted","decl":{"start":{"line":461,"column":15},"end":{"line":461,"column":27}},"loc":{"start":{"line":461,"column":34},"end":{"line":465,"column":null}},"line":461},"43":{"name":"dragged","decl":{"start":{"line":467,"column":15},"end":{"line":467,"column":23}},"loc":{"start":{"line":467,"column":30},"end":{"line":470,"column":null}},"line":467},"44":{"name":"dragended","decl":{"start":{"line":472,"column":15},"end":{"line":472,"column":25}},"loc":{"start":{"line":472,"column":32},"end":{"line":476,"column":null}},"line":472},"45":{"name":"(anonymous_45)","decl":{"start":{"line":478,"column":6},"end":{"line":478,"column":19}},"loc":{"start":{"line":478,"column":19},"end":{"line":480,"column":null}},"line":478},"46":{"name":"(anonymous_46)","decl":{"start":{"line":483,"column":10},"end":{"line":483,"column":36}},"loc":{"start":{"line":483,"column":36},"end":{"line":487,"column":null}},"line":483},"47":{"name":"(anonymous_47)","decl":{"start":{"line":506,"column":14},"end":{"line":506,"column":25}},"loc":{"start":{"line":506,"column":31},"end":{"line":506,"column":null}},"line":506},"48":{"name":"(anonymous_48)","decl":{"start":{"line":518,"column":14},"end":{"line":518,"column":25}},"loc":{"start":{"line":518,"column":31},"end":{"line":518,"column":null}},"line":518}},"branchMap":{"0":{"loc":{"start":{"line":9,"column":5},"end":{"line":9,"column":21}},"type":"default-arg","locations":[{"start":{"line":9,"column":17},"end":{"line":9,"column":21}}],"line":9},"1":{"loc":{"start":{"line":9,"column":21},"end":{"line":9,"column":34}},"type":"default-arg","locations":[{"start":{"line":9,"column":30},"end":{"line":9,"column":34}}],"line":9},"2":{"loc":{"start":{"line":9,"column":34},"end":{"line":9,"column":50}},"type":"default-arg","locations":[{"start":{"line":9,"column":45},"end":{"line":9,"column":50}}],"line":9},"3":{"loc":{"start":{"line":37,"column":51},"end":{"line":37,"column":96}},"type":"binary-expr","locations":[{"start":{"line":37,"column":51},"end":{"line":37,"column":69}},{"start":{"line":37,"column":69},"end":{"line":37,"column":96}}],"line":37},"4":{"loc":{"start":{"line":41,"column":8},"end":{"line":51,"column":null}},"type":"if","locations":[{"start":{"line":41,"column":8},"end":{"line":51,"column":null}},{"start":{},"end":{}}],"line":41},"5":{"loc":{"start":{"line":54,"column":8},"end":{"line":61,"column":null}},"type":"if","locations":[{"start":{"line":54,"column":8},"end":{"line":61,"column":null}},{"start":{},"end":{}}],"line":54},"6":{"loc":{"start":{"line":54,"column":12},"end":{"line":54,"column":55}},"type":"binary-expr","locations":[{"start":{"line":54,"column":12},"end":{"line":54,"column":27}},{"start":{"line":54,"column":27},"end":{"line":54,"column":55}}],"line":54},"7":{"loc":{"start":{"line":62,"column":8},"end":{"line":69,"column":null}},"type":"if","locations":[{"start":{"line":62,"column":8},"end":{"line":69,"column":null}},{"start":{},"end":{}}],"line":62},"8":{"loc":{"start":{"line":62,"column":12},"end":{"line":62,"column":59}},"type":"binary-expr","locations":[{"start":{"line":62,"column":12},"end":{"line":62,"column":29}},{"start":{"line":62,"column":29},"end":{"line":62,"column":59}}],"line":62},"9":{"loc":{"start":{"line":73,"column":8},"end":{"line":84,"column":null}},"type":"if","locations":[{"start":{"line":73,"column":8},"end":{"line":84,"column":null}},{"start":{},"end":{}}],"line":73},"10":{"loc":{"start":{"line":85,"column":8},"end":{"line":87,"column":null}},"type":"if","locations":[{"start":{"line":85,"column":8},"end":{"line":87,"column":null}},{"start":{},"end":{}}],"line":85},"11":{"loc":{"start":{"line":85,"column":12},"end":{"line":85,"column":53}},"type":"binary-expr","locations":[{"start":{"line":85,"column":12},"end":{"line":85,"column":26}},{"start":{"line":85,"column":26},"end":{"line":85,"column":53}}],"line":85},"12":{"loc":{"start":{"line":88,"column":8},"end":{"line":95,"column":null}},"type":"if","locations":[{"start":{"line":88,"column":8},"end":{"line":95,"column":null}},{"start":{},"end":{}}],"line":88},"13":{"loc":{"start":{"line":88,"column":12},"end":{"line":88,"column":57}},"type":"binary-expr","locations":[{"start":{"line":88,"column":12},"end":{"line":88,"column":28}},{"start":{"line":88,"column":28},"end":{"line":88,"column":57}}],"line":88},"14":{"loc":{"start":{"line":100,"column":10},"end":{"line":100,"column":31}},"type":"binary-expr","locations":[{"start":{"line":100,"column":10},"end":{"line":100,"column":27}},{"start":{"line":100,"column":27},"end":{"line":100,"column":31}}],"line":100},"15":{"loc":{"start":{"line":101,"column":10},"end":{"line":103,"column":null}},"type":"if","locations":[{"start":{"line":101,"column":10},"end":{"line":103,"column":null}},{"start":{},"end":{}}],"line":101},"16":{"loc":{"start":{"line":108,"column":8},"end":{"line":110,"column":null}},"type":"if","locations":[{"start":{"line":108,"column":8},"end":{"line":110,"column":null}},{"start":{},"end":{}}],"line":108},"17":{"loc":{"start":{"line":108,"column":12},"end":{"line":108,"column":52}},"type":"binary-expr","locations":[{"start":{"line":108,"column":12},"end":{"line":108,"column":26}},{"start":{"line":108,"column":26},"end":{"line":108,"column":52}}],"line":108},"18":{"loc":{"start":{"line":111,"column":8},"end":{"line":113,"column":null}},"type":"if","locations":[{"start":{"line":111,"column":8},"end":{"line":113,"column":null}},{"start":{},"end":{}}],"line":111},"19":{"loc":{"start":{"line":111,"column":12},"end":{"line":111,"column":56}},"type":"binary-expr","locations":[{"start":{"line":111,"column":12},"end":{"line":111,"column":28}},{"start":{"line":111,"column":28},"end":{"line":111,"column":56}}],"line":111},"20":{"loc":{"start":{"line":122,"column":10},"end":{"line":127,"column":null}},"type":"if","locations":[{"start":{"line":122,"column":10},"end":{"line":127,"column":null}},{"start":{},"end":{}}],"line":122},"21":{"loc":{"start":{"line":122,"column":14},"end":{"line":122,"column":52}},"type":"binary-expr","locations":[{"start":{"line":122,"column":14},"end":{"line":122,"column":27}},{"start":{"line":122,"column":27},"end":{"line":122,"column":52}}],"line":122},"22":{"loc":{"start":{"line":124,"column":12},"end":{"line":126,"column":null}},"type":"if","locations":[{"start":{"line":124,"column":12},"end":{"line":126,"column":null}},{"start":{},"end":{}}],"line":124},"23":{"loc":{"start":{"line":134,"column":6},"end":{"line":144,"column":null}},"type":"if","locations":[{"start":{"line":134,"column":6},"end":{"line":144,"column":null}},{"start":{},"end":{}}],"line":134},"24":{"loc":{"start":{"line":136,"column":30},"end":{"line":136,"column":47}},"type":"binary-expr","locations":[{"start":{"line":136,"column":30},"end":{"line":136,"column":41}},{"start":{"line":136,"column":41},"end":{"line":136,"column":47}}],"line":136},"25":{"loc":{"start":{"line":136,"column":47},"end":{"line":136,"column":60}},"type":"binary-expr","locations":[{"start":{"line":136,"column":47},"end":{"line":136,"column":58}},{"start":{"line":136,"column":58},"end":{"line":136,"column":60}}],"line":136},"26":{"loc":{"start":{"line":140,"column":10},"end":{"line":142,"column":null}},"type":"if","locations":[{"start":{"line":140,"column":10},"end":{"line":142,"column":null}},{"start":{},"end":{}}],"line":140},"27":{"loc":{"start":{"line":140,"column":14},"end":{"line":140,"column":78}},"type":"binary-expr","locations":[{"start":{"line":140,"column":14},"end":{"line":140,"column":47}},{"start":{"line":140,"column":47},"end":{"line":140,"column":78}}],"line":140},"28":{"loc":{"start":{"line":150,"column":6},"end":{"line":150,"column":null}},"type":"if","locations":[{"start":{"line":150,"column":6},"end":{"line":150,"column":null}},{"start":{},"end":{}}],"line":150},"29":{"loc":{"start":{"line":150,"column":10},"end":{"line":150,"column":81}},"type":"binary-expr","locations":[{"start":{"line":150,"column":10},"end":{"line":150,"column":17}},{"start":{"line":150,"column":17},"end":{"line":150,"column":36}},{"start":{"line":150,"column":36},"end":{"line":150,"column":58}},{"start":{"line":150,"column":58},"end":{"line":150,"column":81}}],"line":150},"30":{"loc":{"start":{"line":161,"column":22},"end":{"line":161,"column":null}},"type":"cond-expr","locations":[{"start":{"line":161,"column":31},"end":{"line":161,"column":57}},{"start":{"line":161,"column":57},"end":{"line":161,"column":null}}],"line":161},"31":{"loc":{"start":{"line":163,"column":6},"end":{"line":171,"column":null}},"type":"if","locations":[{"start":{"line":163,"column":6},"end":{"line":171,"column":null}},{"start":{"line":168,"column":13},"end":{"line":171,"column":null}}],"line":163},"32":{"loc":{"start":{"line":163,"column":10},"end":{"line":163,"column":31}},"type":"binary-expr","locations":[{"start":{"line":163,"column":10},"end":{"line":163,"column":23}},{"start":{"line":163,"column":23},"end":{"line":163,"column":31}}],"line":163},"33":{"loc":{"start":{"line":169,"column":8},"end":{"line":169,"column":null}},"type":"if","locations":[{"start":{"line":169,"column":8},"end":{"line":169,"column":null}},{"start":{},"end":{}}],"line":169},"34":{"loc":{"start":{"line":180,"column":10},"end":{"line":182,"column":null}},"type":"if","locations":[{"start":{"line":180,"column":10},"end":{"line":182,"column":null}},{"start":{"line":182,"column":15},"end":{"line":182,"column":null}}],"line":180},"35":{"loc":{"start":{"line":185,"column":6},"end":{"line":189,"column":null}},"type":"if","locations":[{"start":{"line":185,"column":6},"end":{"line":189,"column":null}},{"start":{"line":187,"column":13},"end":{"line":189,"column":null}}],"line":185},"36":{"loc":{"start":{"line":191,"column":16},"end":{"line":191,"column":null}},"type":"cond-expr","locations":[{"start":{"line":191,"column":28},"end":{"line":191,"column":35}},{"start":{"line":191,"column":35},"end":{"line":191,"column":null}}],"line":191},"37":{"loc":{"start":{"line":219,"column":6},"end":{"line":362,"column":null}},"type":"if","locations":[{"start":{"line":219,"column":6},"end":{"line":362,"column":null}},{"start":{"line":348,"column":13},"end":{"line":362,"column":null}}],"line":219},"38":{"loc":{"start":{"line":228,"column":12},"end":{"line":228,"column":null}},"type":"if","locations":[{"start":{"line":228,"column":12},"end":{"line":228,"column":null}},{"start":{},"end":{}}],"line":228},"39":{"loc":{"start":{"line":229,"column":12},"end":{"line":229,"column":null}},"type":"if","locations":[{"start":{"line":229,"column":12},"end":{"line":229,"column":null}},{"start":{},"end":{}}],"line":229},"40":{"loc":{"start":{"line":232,"column":40},"end":{"line":232,"column":78}},"type":"cond-expr","locations":[{"start":{"line":232,"column":70},"end":{"line":232,"column":74}},{"start":{"line":232,"column":74},"end":{"line":232,"column":78}}],"line":232},"41":{"loc":{"start":{"line":233,"column":44},"end":{"line":233,"column":86}},"type":"cond-expr","locations":[{"start":{"line":233,"column":71},"end":{"line":233,"column":79}},{"start":{"line":233,"column":79},"end":{"line":233,"column":86}}],"line":233},"42":{"loc":{"start":{"line":242,"column":21},"end":{"line":242,"column":44}},"type":"cond-expr","locations":[{"start":{"line":242,"column":31},"end":{"line":242,"column":37}},{"start":{"line":242,"column":37},"end":{"line":242,"column":44}}],"line":242},"43":{"loc":{"start":{"line":259,"column":10},"end":{"line":291,"column":null}},"type":"if","locations":[{"start":{"line":259,"column":10},"end":{"line":291,"column":null}},{"start":{"line":265,"column":17},"end":{"line":291,"column":null}}],"line":259},"44":{"loc":{"start":{"line":269,"column":16},"end":{"line":269,"column":null}},"type":"if","locations":[{"start":{"line":269,"column":16},"end":{"line":269,"column":null}},{"start":{},"end":{}}],"line":269},"45":{"loc":{"start":{"line":270,"column":16},"end":{"line":270,"column":null}},"type":"if","locations":[{"start":{"line":270,"column":16},"end":{"line":270,"column":null}},{"start":{},"end":{}}],"line":270},"46":{"loc":{"start":{"line":271,"column":16},"end":{"line":276,"column":null}},"type":"if","locations":[{"start":{"line":271,"column":16},"end":{"line":276,"column":null}},{"start":{},"end":{}}],"line":271},"47":{"loc":{"start":{"line":272,"column":18},"end":{"line":272,"column":null}},"type":"if","locations":[{"start":{"line":272,"column":18},"end":{"line":272,"column":null}},{"start":{},"end":{}}],"line":272},"48":{"loc":{"start":{"line":273,"column":18},"end":{"line":273,"column":null}},"type":"if","locations":[{"start":{"line":273,"column":18},"end":{"line":273,"column":null}},{"start":{},"end":{}}],"line":273},"49":{"loc":{"start":{"line":274,"column":18},"end":{"line":274,"column":null}},"type":"if","locations":[{"start":{"line":274,"column":18},"end":{"line":274,"column":null}},{"start":{},"end":{}}],"line":274},"50":{"loc":{"start":{"line":280,"column":16},"end":{"line":280,"column":null}},"type":"if","locations":[{"start":{"line":280,"column":16},"end":{"line":280,"column":null}},{"start":{},"end":{}}],"line":280},"51":{"loc":{"start":{"line":281,"column":16},"end":{"line":281,"column":null}},"type":"if","locations":[{"start":{"line":281,"column":16},"end":{"line":281,"column":null}},{"start":{},"end":{}}],"line":281},"52":{"loc":{"start":{"line":282,"column":16},"end":{"line":287,"column":null}},"type":"if","locations":[{"start":{"line":282,"column":16},"end":{"line":287,"column":null}},{"start":{},"end":{}}],"line":282},"53":{"loc":{"start":{"line":283,"column":18},"end":{"line":283,"column":null}},"type":"if","locations":[{"start":{"line":283,"column":18},"end":{"line":283,"column":null}},{"start":{},"end":{}}],"line":283},"54":{"loc":{"start":{"line":284,"column":18},"end":{"line":284,"column":null}},"type":"if","locations":[{"start":{"line":284,"column":18},"end":{"line":284,"column":null}},{"start":{},"end":{}}],"line":284},"55":{"loc":{"start":{"line":285,"column":18},"end":{"line":285,"column":null}},"type":"if","locations":[{"start":{"line":285,"column":18},"end":{"line":285,"column":null}},{"start":{},"end":{}}],"line":285},"56":{"loc":{"start":{"line":325,"column":16},"end":{"line":337,"column":null}},"type":"cond-expr","locations":[{"start":{"line":326,"column":20},"end":{"line":326,"column":null}},{"start":{"line":327,"column":20},"end":{"line":337,"column":null}}],"line":325},"57":{"loc":{"start":{"line":327,"column":20},"end":{"line":337,"column":null}},"type":"cond-expr","locations":[{"start":{"line":328,"column":22},"end":{"line":328,"column":null}},{"start":{"line":329,"column":22},"end":{"line":337,"column":null}}],"line":327},"58":{"loc":{"start":{"line":329,"column":22},"end":{"line":337,"column":null}},"type":"cond-expr","locations":[{"start":{"line":330,"column":24},"end":{"line":330,"column":null}},{"start":{"line":331,"column":24},"end":{"line":337,"column":null}}],"line":329},"59":{"loc":{"start":{"line":331,"column":24},"end":{"line":337,"column":null}},"type":"cond-expr","locations":[{"start":{"line":332,"column":26},"end":{"line":332,"column":null}},{"start":{"line":333,"column":26},"end":{"line":337,"column":null}}],"line":331},"60":{"loc":{"start":{"line":333,"column":26},"end":{"line":337,"column":null}},"type":"cond-expr","locations":[{"start":{"line":334,"column":28},"end":{"line":334,"column":null}},{"start":{"line":335,"column":28},"end":{"line":337,"column":null}}],"line":333},"61":{"loc":{"start":{"line":335,"column":28},"end":{"line":337,"column":null}},"type":"cond-expr","locations":[{"start":{"line":336,"column":30},"end":{"line":336,"column":null}},{"start":{"line":337,"column":30},"end":{"line":337,"column":null}}],"line":335},"62":{"loc":{"start":{"line":341,"column":12},"end":{"line":346,"column":null}},"type":"if","locations":[{"start":{"line":341,"column":12},"end":{"line":346,"column":null}},{"start":{"line":343,"column":19},"end":{"line":346,"column":null}}],"line":341},"63":{"loc":{"start":{"line":344,"column":14},"end":{"line":344,"column":null}},"type":"if","locations":[{"start":{"line":344,"column":14},"end":{"line":344,"column":null}},{"start":{},"end":{}}],"line":344},"64":{"loc":{"start":{"line":345,"column":14},"end":{"line":345,"column":null}},"type":"if","locations":[{"start":{"line":345,"column":14},"end":{"line":345,"column":null}},{"start":{},"end":{}}],"line":345},"65":{"loc":{"start":{"line":365,"column":8},"end":{"line":455,"colu
[...]
175:Infinity":62,"s:176:4:176:Infinity":63,"s:178:4:184:Infinity":64,"f:181:34:181:39":14,"s:181:45:181:48":65,"s:185:4:185:Infinity":66,"b:189:2:211:Infinity:undefined:undefined:undefined:undefined":40,"s:189:2:211:Infinity":67,"b:190:4:193:Infinity:undefined:undefined:undefined:undefined":41,"s:190:4:193:Infinity":68,"s:191:6:191:Infinity":69,"s:192:6:192:Infinity":70,"s:195:4:195:Infinity":71,"s:196:4:196:Infinity":72,"s:197:4:197:Infinity":73,"s:199:21:201:Infinity":74,"f:200:7:200:13":15,"s:200:22:200:53":75,"s:203:4:209:Infinity":76,"f:206:21:206:26":16,"s:206:37:206:82":77,"b:206:65:206:80:206:80:206:81":42,"s:210:4:210:Infinity":78,"s:213:2:213:Infinity":79,"s:214:2:214:Infinity":80,"b:214:20:214:33:214:33:214:42":43,"f:217:22:217:45":17,"b:217:64:217:68":44,"s:218:29:218:Infinity":81,"s:221:2:221:Infinity":82,"s:222:2:222:Infinity":83,"s:223:2:223:Infinity":84,"s:224:2:224:Infinity":85,"s:226:2:226:Infinity":86,"s:227:2:227:Infinity":87,"s:229:22:240:Infinity":88,"b:230:19:230:42:230:42:230:47":45,"b:231:21:231:61:231:61:231:66":46,"b:232:30:232:59:232:59:232:64":47,"b:233:15:233:49:233:49:233:54":48,"b:234:28:234:75:234:75:234:80":49,"b:235:27:235:72:235:72:235:77":50,"b:236:32:236:61:236:61:236:66":51,"b:237:21:237:45:237:45:237:48":52,"b:238:22:238:47:238:47:238:54":53,"b:239:46:239:54:239:54:239:58":54,"s:242:2:248:Infinity":89,"s:250:17:250:Infinity":90,"s:253:2:253:Infinity":91,"s:254:2:254:Infinity":92,"s:255:2:255:Infinity":93,"s:257:2:266:Infinity":94,"b:260:7:260:63:260:63:260:76":55,"b:260:19:260:45:260:45:260:49":56,"b:261:7:261:69:261:69:261:82":57,"b:261:22:261:51:261:51:261:55":58,"s:269:2:269:Infinity":95,"s:270:2:270:Infinity":96,"s:271:2:271:Infinity":97,"s:272:2:272:Infinity":98,"b:274:2:291:Infinity:287:9:291:Infinity":59,"s:274:2:291:Infinity":99,"b:274:6:274:31:274:31:274:65":60,"s:275:4:286:Infinity":100,"f:278:34:278:39":18,"s:278:46:283:7":101,"b:282:10:282:22:282:22:282:27":61,"s:288:4:288:Infinity":102,"s:289:4:289:Infinity":103,"s:290:4:290:Infinity":104,"b:294:2:313:Infinity:undefined:undefined:undefined:undefined":62,"s:294:2:313:Infinity":105,"b:294:6:294:16:294:16:294:35":63,"s:295:4:295:Infinity":106,"s:296:4:296:Infinity":107,"s:297:4:297:Infinity":108,"s:298:4:298:Infinity":109,"s:300:4:312:Infinity":110,"f:303:19:303:24":19,"s:303:30:308:7":111,"b:304:10:304:48:304:48:304:Infinity":64,"b:305:8:305:22:305:22:305:Infinity":65,"b:306:10:306:28:306:28:306:33":66,"b:307:8:307:26:307:26:307:Infinity":67,"s:315:2:315:Infinity":112,"s:316:2:316:Infinity":113},"fnNames":{}}}
,"/Users/bhaveshpatil/Developer/Project-SOC/Project-SOC/frontend/src/utils/formatters.js": {"path":"/Users/bhaveshpatil/Developer/Project-SOC/Project-SOC/frontend/src/utils/formatters.js","statementMap":{"0":{"start":{"line":1,"column":13},"end":{"line":16,"column":null}},"1":{"start":{"line":2,"column":2},"end":{"line":2,"column":null}},"2":{"start":{"line":2,"column":12},"end":{"line":2,"column":null}},"3":{"start":{"line":3,"column":12},"end":{"line":3,"column":null}},"4":{"start":{"line":4,"column":2},"end":{"line":4,"column":null}},"5":{"start":{"line":4,"column":26},"end":{"line":4,"column":null}},"6":{"start":{"line":5,"column":2},"end":{"line":15,"column":null}},"7":{"start":{"line":19,"column":26},"end":{"line":19,"column":null}},"8":{"start":{"line":21,"column":13},"end":{"line":38,"column":null}},"9":{"start":{"line":22,"column":2},"end":{"line":22,"column":null}},"10":{"start":{"line":22,"column":12},"end":{"line":22,"column":null}},"11":{"start":{"line":23,"column":12},"end":{"line":23,"column":null}},"12":{"start":{"line":24,"column":2},"end":{"line":24,"column":null}},"13":{"start":{"line":24,"column":26},"end":{"line":24,"column":null}},"14":{"start":{"line":26,"column":14},"end":{"line":26,"column":null}},"15":{"start":{"line":27,"column":17},"end":{"line":27,"column":null}},"16":{"start":{"line":28,"column":19},"end":{"line":28,"column":null}},"17":{"start":{"line":29,"column":19},"end":{"line":29,"column":null}},"18":{"start":{"line":30,"column":20},"end":{"line":30,"column":null}},"19":{"start":{"line":31,"column":19},"end":{"line":31,"column":null}},"20":{"start":{"line":33,"column":2},"end":{"line":33,"column":null}},"21":{"start":{"line":33,"column":21},"end":{"line":33,"column":null}},"22":{"start":{"line":34,"column":2},"end":{"line":34,"column":null}},"23":{"start":{"line":34,"column":21},"end":{"line":34,"column":null}},"24":{"start":{"line":35,"column":2},"end":{"line":35,"column":null}},"25":{"start":{"line":35,"column":22},"end":{"line":35,"column":null}},"26":{"start":{"line":36,"column":2},"end":{"line":36,"column":null}},"27":{"start":{"line":36,"column":22},"end":{"line":36,"column":null}},"28":{"start":{"line":37,"column":2},"end":{"line":37,"column":null}},"29":{"start":{"line":40,"column":13},"end":{"line":43,"column":null}},"30":{"start":{"line":41,"column":2},"end":{"line":41,"column":null}},"31":{"start":{"line":41,"column":45},"end":{"line":41,"column":null}},"32":{"start":{"line":42,"column":2},"end":{"line":42,"column":null}},"33":{"start":{"line":45,"column":13},"end":{"line":48,"column":null}},"34":{"start":{"line":46,"column":2},"end":{"line":46,"column":null}},"35":{"start":{"line":46,"column":14},"end":{"line":46,"column":null}},"36":{"start":{"line":47,"column":2},"end":{"line":47,"column":null}},"37":{"start":{"line":50,"column":13},"end":{"line":53,"column":null}},"38":{"start":{"line":51,"column":2},"end":{"line":51,"column":null}},"39":{"start":{"line":51,"column":12},"end":{"line":51,"column":null}},"40":{"start":{"line":52,"column":2},"end":{"line":52,"column":null}},"41":{"start":{"line":55,"column":13},"end":{"line":57,"column":null}},"42":{"start":{"line":56,"column":2},"end":{"line":56,"column":null}},"43":{"start":{"line":59,"column":13},"end":{"line":69,"column":null}},"44":{"start":{"line":60,"column":2},"end":{"line":60,"column":null}},"45":{"start":{"line":60,"column":19},"end":{"line":60,"column":null}},"46":{"start":{"line":61,"column":2},"end":{"line":61,"column":null}},"47":{"start":{"line":61,"column":14},"end":{"line":61,"column":null}},"48":{"start":{"line":63,"column":12},"end":{"line":63,"column":null}},"49":{"start":{"line":64,"column":13},"end":{"line":64,"column":null}},"50":{"start":{"line":65,"column":16},"end":{"line":65,"column":null}},"51":{"start":{"line":67,"column":12},"end":{"line":67,"column":null}},"52":{"start":{"line":68,"column":2},"end":{"line":68,"column":null}},"53":{"start":{"line":71,"column":13},"end":{"line":75,"column":null}},"54":{"start":{"line":72,"column":2},"end":{"line":72,"column":null}},"55":{"start":{"line":72,"column":39},"end":{"line":72,"column":null}},"56":{"start":{"line":73,"column":2},"end":{"line":73,"column":null}},"57":{"start":{"line":73,"column":17},"end":{"line":73,"column":null}},"58":{"start":{"line":74,"column":2},"end":{"line":74,"column":null}},"59":{"start":{"line":77,"column":13},"end":{"line":81,"column":null}},"60":{"start":{"line":78,"column":2},"end":{"line":78,"column":null}},"61":{"start":{"line":78,"column":12},"end":{"line":78,"column":null}},"62":{"start":{"line":79,"column":12},"end":{"line":79,"column":null}},"63":{"start":{"line":80,"column":2},"end":{"line":80,"column":null}},"64":{"start":{"line":82,"column":27},"end":{"line":82,"column":null}}},"fnMap":{"0":{"name":"(anonymous_0)","decl":{"start":{"line":1,"column":13},"end":{"line":1,"column":32}},"loc":{"start":{"line":1,"column":40},"end":{"line":16,"column":null}},"line":1},"1":{"name":"(anonymous_1)","decl":{"start":{"line":21,"column":13},"end":{"line":21,"column":35}},"loc":{"start":{"line":21,"column":43},"end":{"line":38,"column":null}},"line":21},"2":{"name":"(anonymous_2)","decl":{"start":{"line":40,"column":13},"end":{"line":40,"column":34}},"loc":{"start":{"line":40,"column":44},"end":{"line":43,"column":null}},"line":40},"3":{"name":"(anonymous_3)","decl":{"start":{"line":45,"column":13},"end":{"line":45,"column":34}},"loc":{"start":{"line":45,"column":44},"end":{"line":48,"column":null}},"line":45},"4":{"name":"(anonymous_4)","decl":{"start":{"line":50,"column":13},"end":{"line":50,"column":32}},"loc":{"start":{"line":50,"column":40},"end":{"line":53,"column":null}},"line":50},"5":{"name":"(anonymous_5)","decl":{"start":{"line":55,"column":13},"end":{"line":55,"column":30}},"loc":{"start":{"line":55,"column":37},"end":{"line":57,"column":null}},"line":55},"6":{"name":"(anonymous_6)","decl":{"start":{"line":59,"column":13},"end":{"line":59,"column":28}},"loc":{"start":{"line":59,"column":52},"end":{"line":69,"column":null}},"line":59},"7":{"name":"(anonymous_7)","decl":{"start":{"line":71,"column":13},"end":{"line":71,"column":31}},"loc":{"start":{"line":71,"column":38},"end":{"line":75,"column":null}},"line":71},"8":{"name":"(anonymous_8)","decl":{"start":{"line":77,"column":13},"end":{"line":77,"column":25}},"loc":{"start":{"line":77,"column":38},"end":{"line":81,"column":null}},"line":77}},"branchMap":{"0":{"loc":{"start":{"line":2,"column":2},"end":{"line":2,"column":null}},"type":"if","locations":[{"start":{"line":2,"column":2},"end":{"line":2,"column":null}},{"start":{},"end":{}}],"line":2},"1":{"loc":{"start":{"line":4,"column":2},"end":{"line":4,"column":null}},"type":"if","locations":[{"start":{"line":4,"column":2},"end":{"line":4,"column":null}},{"start":{},"end":{}}],"line":4},"2":{"loc":{"start":{"line":22,"column":2},"end":{"line":22,"column":null}},"type":"if","locations":[{"start":{"line":22,"column":2},"end":{"line":22,"column":null}},{"start":{},"end":{}}],"line":22},"3":{"loc":{"start":{"line":24,"column":2},"end":{"line":24,"column":null}},"type":"if","locations":[{"start":{"line":24,"column":2},"end":{"line":24,"column":null}},{"start":{},"end":{}}],"line":24},"4":{"loc":{"start":{"line":33,"column":2},"end":{"line":33,"column":null}},"type":"if","locations":[{"start":{"line":33,"column":2},"end":{"line":33,"column":null}},{"start":{},"end":{}}],"line":33},"5":{"loc":{"start":{"line":34,"column":2},"end":{"line":34,"column":null}},"type":"if","locations":[{"start":{"line":34,"column":2},"end":{"line":34,"column":null}},{"start":{},"end":{}}],"line":34},"6":{"loc":{"start":{"line":34,"column":49},"end":{"line":34,"column":73}},"type":"cond-expr","locations":[{"start":{"line":34,"column":64},"end":{"line":34,"column":70}},{"start":{"line":34,"column":70},"end":{"line":34,"column":73}}],"line":34},"7":{"loc":{"start":{"line":35,"column":2},"end":{"line":35,"column":null}},"type":"if","locations":[{"start":{"line":35,"column":2},"end":{"line":35,"column":null}},{"start":{},"end":{}}],"line":35},"8":{"loc":{"start":{"line":35,"column":49},"end":{"line":35,"column":74}},"type":"cond-expr","locations":[{"start":{"line":35,"column":65},"end":{"line":35,"column":71}},{"start":{"line":35,"column":71},"end":{"line":35,"column":74}}],"line":35},"9":{"loc":{"start":{"line":36,"column":2},"end":{"line":36,"column":null}},"type":"if","locations":[{"start":{"line":36,"column":2},"end":{"line":36,"column":null}},{"start":{},"end":{}}],"line":36},"10":{"loc":{"start":{"line":41,"column":2},"end":{"line":41,"column":null}},"type":"if","locations":[{"start":{"line":41,"column":2},"end":{"line":41,"column":null}},{"start":{},"end":{}}],"line":41},"11":{"loc":{"start":{"line":41,"column":6},"end":{"line":41,"column":45}},"type":"binary-expr","locations":[{"start":{"line":41,"column":6},"end":{"line":41,"column":24}},{"start":{"line":41,"column":24},"end":{"line":41,"column":45}}],"line":41},"12":{"loc":{"start":{"line":46,"column":2},"end":{"line":46,"column":null}},"type":"if","locations":[{"start":{"line":46,"column":2},"end":{"line":46,"column":null}},{"start":{},"end":{}}],"line":46},"13":{"loc":{"start":{"line":51,"column":2},"end":{"line":51,"column":null}},"type":"if","locations":[{"start":{"line":51,"column":2},"end":{"line":51,"column":null}},{"start":{},"end":{}}],"line":51},"14":{"loc":{"start":{"line":56,"column":9},"end":{"line":56,"column":null}},"type":"binary-expr","locations":[{"start":{"line":56,"column":9},"end":{"line":56,"column":15}},{"start":{"line":56,"column":15},"end":{"line":56,"column":null}}],"line":56},"15":{"loc":{"start":{"line":59,"column":35},"end":{"line":59,"column":52}},"type":"default-arg","locations":[{"start":{"line":59,"column":46},"end":{"line":59,"column":52}}],"line":59},"16":{"loc":{"start":{"line":60,"column":2},"end":{"line":60,"column":null}},"type":"if","locations":[{"start":{"line":60,"column":2},"end":{"line":60,"column":null}},{"start":{},"end":{}}],"line":60},"17":{"loc":{"start":{"line":61,"column":2},"end":{"line":61,"column":null}},"type":"if","locations":[{"start":{"line":61,"column":2},"end":{"line":61,"column":null}},{"start":{},"end":{}}],"line":61},"18":{"loc":{"start":{"line":64,"column":13},"end":{"line":64,"column":null}},"type":"cond-expr","locations":[{"start":{"line":64,"column":28},"end":{"line":64,"column":32}},{"start":{"line":64,"column":32},"end":{"line":64,"column":null}}],"line":64},"19":{"loc":{"start":{"line":72,"column":2},"end":{"line":72,"column":null}},"type":"if","locations":[{"start":{"line":72,"column":2},"end":{"line":72,"column":null}},{"start":{},"end":{}}],"line":72},"20":{"loc":{"start":{"line":72,"column":6},"end":{"line":72,"column":39}},"type":"binary-expr","locations":[{"start":{"line":72,"column":6},"end":{"line":72,"column":21}},{"start":{"line":72,"column":21},"end":{"line":72,"column":39}}],"line":72},"21":{"loc":{"start":{"line":73,"column":2},"end":{"line":73,"column":null}},"type":"if","locations":[{"start":{"line":73,"column":2},"end":{"line":73,"column":null}},{"start":{},"end":{}}],"line":73},"22":{"loc":{"start":{"line":78,"column":2},"end":{"line":78,"column":null}},"type":"if","locations":[{"start":{"line":78,"column":2},"end":{"line":78,"column":null}},{"start":{},"end":{}}],"line":78},"23":{"loc":{"start":{"line":80,"column":9},"end":{"line":80,"column":null}},"type":"cond-expr","locations":[{"start":{"line":80,"column":26},"end":{"line":80,"column":56}},{"start":{"line":80,"column":56},"end":{"line":80,"column":null}}],"line":80}},"s":{"0":9,"1":34,"2":1,"3":33,"4":33,"5":0,"6":33,"7":9,"8":9,"9":4,"10":0,"11":4,"12":4,"13":0,"14":4,"15":4,"16":4,"17":4,"18":4,"19":4,"20":4,"21":1,"22":3,"23":3,"24":2,"25":2,"26":1,"27":0,"28":1,"29":9,"30":3,"31":1,"32":2,"33":9,"34":2,"35":1,"36":1,"37":9,"38":3,"39":1,"40":2,"41":9,"42":1,"43":9,"44":3,"45":1,"46":2,"47":2,"48":1,"49":1,"50":3,"51":3,"52":3,"53":9,"54":0,"55":0,"56":0,"57":0,"58":0,"59":9,"60":5,"61":1,"62":4,"63":4,"64":9},"f":{"0":34,"1":4,"2":3,"3":2,"4":3,"5":1,"6":3,"7":0,"8":5},"b":{"0":[1,33],"1":[0,33],"2":[0,4],"3":[0,4],"4":[1,3],"5":[1,2],"6":[1,0],"7":[1,1],"8":[1,0],"9":[0,1],"10":[1,2],"11":[3,2],"12":[1,1],"13":[1,2],"14":[1,0],"15":[3],"16":[1,2],"17":[1,1],"18":[0,1],"19":[0,0],"20":[0,0],"21":[0,0],"22":[1,4],"23":[2,2]},"meta":{"lastBranch":24,"lastFunction":9,"lastStatement":65,"seen":{"s:1:13:16:Infinity":0,"f:1:13:1:32":0,"b:2:2:2:Infinity:undefined:undefined:undefined:undefined":0,"s:2:2:2:Infinity":1,"s:2:12:2:Infinity":2,"s:3:12:3:Infinity":3,"b:4:2:4:Infinity:undefined:undefined:undefined:undefined":1,"s:4:2:4:Infinity":4,"s:4:26:4:Infinity":5,"s:5:2:15:Infinity":6,"s:19:26:19:Infinity":7,"s:21:13:38:Infinity":8,"f:21:13:21:35":1,"b:22:2:22:Infinity:undefined:undefined:undefined:undefined":2,"s:22:2:22:Infinity":9,"s:22:12:22:Infinity":10,"s:23:12:23:Infinity":11,"b:24:2:24:Infinity:undefined:undefined:undefined:undefined":3,"s:24:2:24:Infinity":12,"s:24:26:24:Infinity":13,"s:26:14:26:Infinity":14,"s:27:17:27:Infinity":15,"s:28:19:28:Infinity":16,"s:29:19:29:Infinity":17,"s:30:20:30:Infinity":18,"s:31:19:31:Infinity":19,"b:33:2:33:Infinity:undefined:undefined:undefined:undefined":4,"s:33:2:33:Infinity":20,"s:33:21:33:Infinity":21,"b:34:2:34:Infinity:undefined:undefined:undefined:undefined":5,"s:34:2:34:Infinity":22,"s:34:21:34:Infinity":23,"b:34:64:34:70:34:70:34:73":6,"b:35:2:35:Infinity:undefined:undefined:undefined:undefined":7,"s:35:2:35:Infinity":24,"s:35:22:35:Infinity":25,"b:35:65:35:71:35:71:35:74":8,"b:36:2:36:Infinity:undefined:undefined:undefined:undefined":9,"s:36:2:36:Infinity":26,"s:36:22:36:Infinity":27,"s:37:2:37:Infinity":28,"s:40:13:43:Infinity":29,"f:40:13:40:34":2,"b:41:2:41:Infinity:undefined:undefined:undefined:undefined":10,"s:41:2:41:Infinity":30,"b:41:6:41:24:41:24:41:45":11,"s:41:45:41:Infinity":31,"s:42:2:42:Infinity":32,"s:45:13:48:Infinity":33,"f:45:13:45:34":3,"b:46:2:46:Infinity:undefined:undefined:undefined:undefined":12,"s:46:2:46:Infinity":34,"s:46:14:46:Infinity":35,"s:47:2:47:Infinity":36,"s:50:13:53:Infinity":37,"f:50:13:50:32":4,"b:51:2:51:Infinity:undefined:undefined:undefined:undefined":13,"s:51:2:51:Infinity":38,"s:51:12:51:Infinity":39,"s:52:2:52:Infinity":40,"s:55:13:57:Infinity":41,"f:55:13:55:30":5,"s:56:2:56:Infinity":42,"b:56:9:56:15:56:15:56:Infinity":14,"s:59:13:69:Infinity":43,"f:59:13:59:28":6,"b:59:46:59:52":15,"b:60:2:60:Infinity:undefined:undefined:undefined:undefined":16,"s:60:2:60:Infinity":44,"s:60:19:60:Infinity":45,"b:61:2:61:Infinity:undefined:undefined:undefined:undefined":17,"s:61:2:61:Infinity":46,"s:61:14:61:Infinity":47,"s:63:12:63:Infinity":48,"s:64:13:64:Infinity":49,"b:64:28:64:32:64:32:64:Infinity":18,"s:65:16:65:Infinity":50,"s:67:12:67:Infinity":51,"s:68:2:68:Infinity":52,"s:71:13:75:Infinity":53,"f:71:13:71:31":7,"b:72:2:72:Infinity:undefined:undefined:undefined:undefined":19,"s:72:2:72:Infinity":54,"b:72:6:72:21:72:21:72:39":20,"s:72:39:72:Infinity":55,"b:73:2:73:Infinity:undefined:undefined:undefined:undefined":21,"s:73:2:73:Infinity":56,"s:73:17:73:Infinity":57,"s:74:2:74:Infinity":58,"s:77:13:81:Infinity":59,"f:77:13:77:25":8,"b:78:2:78:Infinity:undefined:undefined:undefined:undefined":22,"s:78:2:78:Infinity":60,"s:78:12:78:Infinity":61,"s:79:12:79:Infinity":62,"s:80:2:80:Infinity":63,"b:80:26:80:56:80:56:80:Infinity":23,"s:82:27:82:Infinity":64},"fnNames":{}}}
,"/Users/bhaveshpatil/Developer/Project-SOC/Project-SOC/frontend/src/utils/theme.js": {"path":"/Users/bhaveshpatil/Developer/Project-SOC/Project-SOC/frontend/src/utils/theme.js","statementMap":{"0":{"start":{"line":1,"column":22},"end":{"line":28,"column":null}},"1":{"start":{"line":32,"column":2},"end":{"line":34,"column":null}},"2":{"start":{"line":33,"column":4},"end":{"line":33,"column":null}},"3":{"start":{"line":35,"column":2},"end":{"line":35,"column":null}},"4":{"start":{"line":39,"column":2},"end":{"line":41,"column":null}}},"fnMap":{"0":{"name":"applyTheme","decl":{"start":{"line":30,"column":16},"end":{"line":30,"column":27}},"loc":{"start":{"line":30,"column":34},"end":{"line":36,"column":null}},"line":30},"1":{"name":"(anonymous_1)","decl":{"start":{"line":32,"column":32},"end":{"line":32,"column":41}},"loc":{"start":{"line":32,"column":58},"end":{"line":34,"column":3}},"line":32},"2":{"name":"getInitialTheme","decl":{"start":{"line":38,"column":16},"end":{"line":38,"column":34}},"loc":{"start":{"line":38,"column":34},"end":{"line":43,"column":null}},"line":38}},"branchMap":{"0":{"loc":{"start":{"line":40,"column":4},"end":{"line":41,"column":null}},"type":"binary-expr","locations":[{"start":{"line":40,"column":4},"end":{"line":40,"column":null}},{"start":{"line":41,"column":5},"end":{"line":41,"column":null}}],"line":40},"1":{"loc":{"start":{"line":41,"column":5},"end":{"line":41,"column":null}},"type":"cond-expr","locations":[{"start":{"line":41,"column":65},"end":{"line":41,"column":74}},{"start":{"line":41,"column":74},"end":{"line":41,"column":null}}],"line":41}},"s":{"0":6,"1":4,"2":44,"3":4,"4":0},"f":{"0":4,"1":44,"2":0},"b":{"0":[0,0],"1":[0,0]},"meta":{"lastBranch":2,"lastFunction":3,"lastStatement":5,"seen":{"s:1:22:28:Infinity":0,"f:30:16:30:27":0,"s:32:2:34:Infinity":1,"f:32:32:32:41":1,"s:33:4:33:Infinity":2,"s:35:2:35:Infinity":3,"f:38:16:38:34":2,"s:39:2:41:Infinity":4,"b:40:4:40:Infinity:41:5:41:Infinity":0,"b:41:65:41:74:41:74:41:Infinity":1},"fnNames":{}}}
}
